{"C:\\Users\\khmya\\Desktop\\self learn\\react\\portfolio\\lessons\\vite-project\\backend\\app.js": {"path":"C:\\Users\\khmya\\Desktop\\self learn\\react\\portfolio\\lessons\\vite-project\\backend\\app.js","statementMap":{"0":{"start":{"line":3,"column":16},"end":{"line":3,"column":34}},"1":{"start":{"line":4,"column":12},"end":{"line":4,"column":21}},"2":{"start":{"line":7,"column":19},"end":{"line":7,"column":54}},"3":{"start":{"line":8,"column":22},"end":{"line":8,"column":60}},"4":{"start":{"line":9,"column":18},"end":{"line":9,"column":52}},"5":{"start":{"line":10,"column":19},"end":{"line":10,"column":54}},"6":{"start":{"line":11,"column":20},"end":{"line":11,"column":56}},"7":{"start":{"line":14,"column":13},"end":{"line":14,"column":28}},"8":{"start":{"line":17,"column":15},"end":{"line":17,"column":40}},"9":{"start":{"line":18,"column":15},"end":{"line":18,"column":40}},"10":{"start":{"line":21,"column":17},"end":{"line":21,"column":36}},"11":{"start":{"line":24,"column":0},"end":{"line":31,"column":5}},"12":{"start":{"line":27,"column":4},"end":{"line":27,"column":40}},"13":{"start":{"line":30,"column":4},"end":{"line":30,"column":64}},"14":{"start":{"line":34,"column":0},"end":{"line":34,"column":16}},"15":{"start":{"line":37,"column":0},"end":{"line":37,"column":24}},"16":{"start":{"line":41,"column":0},"end":{"line":41,"column":31}},"17":{"start":{"line":43,"column":0},"end":{"line":43,"column":34}},"18":{"start":{"line":45,"column":0},"end":{"line":45,"column":40}},"19":{"start":{"line":47,"column":0},"end":{"line":47,"column":34}},"20":{"start":{"line":49,"column":0},"end":{"line":49,"column":32}},"21":{"start":{"line":52,"column":0},"end":{"line":52,"column":21}}},"fnMap":{"0":{"name":"(anonymous_0)","decl":{"start":{"line":26,"column":8},"end":{"line":26,"column":9}},"loc":{"start":{"line":26,"column":14},"end":{"line":28,"column":3}},"line":26},"1":{"name":"(anonymous_1)","decl":{"start":{"line":29,"column":9},"end":{"line":29,"column":10}},"loc":{"start":{"line":29,"column":20},"end":{"line":31,"column":3}},"line":29}},"branchMap":{},"s":{"0":5,"1":5,"2":5,"3":5,"4":5,"5":5,"6":5,"7":5,"8":5,"9":5,"10":5,"11":5,"12":5,"13":0,"14":5,"15":5,"16":5,"17":5,"18":5,"19":5,"20":5,"21":5},"f":{"0":5,"1":0},"b":{},"_coverageSchema":"1a1c01bbd47fc00a2c39e90264f33305004495a9","hash":"2cc178978a6babdf195b412ad16678c2614ad154"}
,"C:\\Users\\khmya\\Desktop\\self learn\\react\\portfolio\\lessons\\vite-project\\backend\\controllers\\bugRouter.js": {"path":"C:\\Users\\khmya\\Desktop\\self learn\\react\\portfolio\\lessons\\vite-project\\backend\\controllers\\bugRouter.js","statementMap":{"0":{"start":{"line":2,"column":18},"end":{"line":2,"column":45}},"1":{"start":{"line":5,"column":12},"end":{"line":5,"column":35}},"2":{"start":{"line":8,"column":13},"end":{"line":8,"column":38}},"3":{"start":{"line":9,"column":17},"end":{"line":9,"column":46}},"4":{"start":{"line":10,"column":14},"end":{"line":10,"column":40}},"5":{"start":{"line":13,"column":21},"end":{"line":19,"column":1}},"6":{"start":{"line":14,"column":26},"end":{"line":14,"column":54}},"7":{"start":{"line":15,"column":4},"end":{"line":17,"column":5}},"8":{"start":{"line":16,"column":6},"end":{"line":16,"column":39}},"9":{"start":{"line":18,"column":4},"end":{"line":18,"column":15}},"10":{"start":{"line":22,"column":0},"end":{"line":26,"column":3}},"11":{"start":{"line":23,"column":4},"end":{"line":25,"column":7}},"12":{"start":{"line":24,"column":8},"end":{"line":24,"column":28}},"13":{"start":{"line":29,"column":0},"end":{"line":33,"column":3}},"14":{"start":{"line":30,"column":4},"end":{"line":32,"column":7}},"15":{"start":{"line":31,"column":8},"end":{"line":31,"column":27}},"16":{"start":{"line":39,"column":0},"end":{"line":89,"column":3}},"17":{"start":{"line":41,"column":18},"end":{"line":41,"column":39}},"18":{"start":{"line":43,"column":25},"end":{"line":43,"column":62}},"19":{"start":{"line":45,"column":4},"end":{"line":47,"column":5}},"20":{"start":{"line":46,"column":6},"end":{"line":46,"column":77}},"21":{"start":{"line":49,"column":17},"end":{"line":49,"column":54}},"22":{"start":{"line":50,"column":20},"end":{"line":50,"column":65}},"23":{"start":{"line":53,"column":26},"end":{"line":53,"column":83}},"24":{"start":{"line":54,"column":24},"end":{"line":54,"column":70}},"25":{"start":{"line":57,"column":4},"end":{"line":88,"column":5}},"26":{"start":{"line":58,"column":18},"end":{"line":63,"column":10}},"27":{"start":{"line":68,"column":8},"end":{"line":71,"column":9}},"28":{"start":{"line":69,"column":12},"end":{"line":69,"column":49}},"29":{"start":{"line":70,"column":12},"end":{"line":70,"column":49}},"30":{"start":{"line":73,"column":25},"end":{"line":73,"column":41}},"31":{"start":{"line":74,"column":8},"end":{"line":74,"column":57}},"32":{"start":{"line":75,"column":8},"end":{"line":75,"column":29}},"33":{"start":{"line":78,"column":8},"end":{"line":82,"column":9}},"34":{"start":{"line":79,"column":31},"end":{"line":79,"column":57}},"35":{"start":{"line":80,"column":12},"end":{"line":80,"column":71}},"36":{"start":{"line":81,"column":12},"end":{"line":81,"column":38}},"37":{"start":{"line":84,"column":8},"end":{"line":84,"column":32}},"38":{"start":{"line":87,"column":8},"end":{"line":87,"column":83}},"39":{"start":{"line":92,"column":0},"end":{"line":160,"column":2}},"40":{"start":{"line":94,"column":24},"end":{"line":94,"column":62}},"41":{"start":{"line":97,"column":18},"end":{"line":97,"column":39}},"42":{"start":{"line":99,"column":25},"end":{"line":99,"column":62}},"43":{"start":{"line":101,"column":4},"end":{"line":103,"column":5}},"44":{"start":{"line":102,"column":6},"end":{"line":102,"column":77}},"45":{"start":{"line":105,"column":17},"end":{"line":105,"column":54}},"46":{"start":{"line":106,"column":20},"end":{"line":106,"column":64}},"47":{"start":{"line":109,"column":26},"end":{"line":109,"column":83}},"48":{"start":{"line":110,"column":24},"end":{"line":110,"column":70}},"49":{"start":{"line":112,"column":4},"end":{"line":155,"column":5}},"50":{"start":{"line":114,"column":8},"end":{"line":114,"column":83}},"51":{"start":{"line":115,"column":8},"end":{"line":115,"column":111}},"52":{"start":{"line":116,"column":8},"end":{"line":116,"column":95}},"53":{"start":{"line":119,"column":8},"end":{"line":149,"column":9}},"54":{"start":{"line":121,"column":25},"end":{"line":121,"column":27}},"55":{"start":{"line":122,"column":29},"end":{"line":122,"column":77}},"56":{"start":{"line":122,"column":64},"end":{"line":122,"column":76}},"57":{"start":{"line":123,"column":29},"end":{"line":123,"column":78}},"58":{"start":{"line":123,"column":65},"end":{"line":123,"column":77}},"59":{"start":{"line":124,"column":12},"end":{"line":128,"column":13}},"60":{"start":{"line":125,"column":16},"end":{"line":127,"column":17}},"61":{"start":{"line":126,"column":20},"end":{"line":126,"column":49}},"62":{"start":{"line":129,"column":12},"end":{"line":133,"column":13}},"63":{"start":{"line":130,"column":16},"end":{"line":132,"column":17}},"64":{"start":{"line":131,"column":20},"end":{"line":131,"column":49}},"65":{"start":{"line":134,"column":12},"end":{"line":148,"column":13}},"66":{"start":{"line":135,"column":37},"end":{"line":135,"column":65}},"67":{"start":{"line":137,"column":16},"end":{"line":147,"column":17}},"68":{"start":{"line":138,"column":24},"end":{"line":138,"column":74}},"69":{"start":{"line":139,"column":24},"end":{"line":139,"column":119}},"70":{"start":{"line":139,"column":78},"end":{"line":139,"column":117}},"71":{"start":{"line":140,"column":24},"end":{"line":140,"column":128}},"72":{"start":{"line":140,"column":85},"end":{"line":140,"column":126}},"73":{"start":{"line":141,"column":24},"end":{"line":141,"column":50}},"74":{"start":{"line":143,"column":24},"end":{"line":143,"column":71}},"75":{"start":{"line":144,"column":24},"end":{"line":144,"column":85}},"76":{"start":{"line":145,"column":24},"end":{"line":145,"column":92}},"77":{"start":{"line":146,"column":24},"end":{"line":146,"column":50}},"78":{"start":{"line":151,"column":8},"end":{"line":154,"column":9}},"79":{"start":{"line":153,"column":12},"end":{"line":153,"column":92}},"80":{"start":{"line":157,"column":4},"end":{"line":157,"column":86}},"81":{"start":{"line":158,"column":21},"end":{"line":158,"column":45}},"82":{"start":{"line":159,"column":4},"end":{"line":159,"column":28}},"83":{"start":{"line":167,"column":0},"end":{"line":205,"column":2}},"84":{"start":{"line":169,"column":24},"end":{"line":169,"column":62}},"85":{"start":{"line":171,"column":18},"end":{"line":171,"column":39}},"86":{"start":{"line":173,"column":25},"end":{"line":173,"column":62}},"87":{"start":{"line":175,"column":4},"end":{"line":177,"column":5}},"88":{"start":{"line":176,"column":6},"end":{"line":176,"column":77}},"89":{"start":{"line":179,"column":17},"end":{"line":179,"column":54}},"90":{"start":{"line":180,"column":20},"end":{"line":180,"column":64}},"91":{"start":{"line":183,"column":26},"end":{"line":183,"column":83}},"92":{"start":{"line":184,"column":24},"end":{"line":184,"column":70}},"93":{"start":{"line":186,"column":4},"end":{"line":204,"column":5}},"94":{"start":{"line":187,"column":8},"end":{"line":189,"column":9}},"95":{"start":{"line":188,"column":12},"end":{"line":188,"column":58}},"96":{"start":{"line":190,"column":8},"end":{"line":190,"column":29}},"97":{"start":{"line":192,"column":25},"end":{"line":192,"column":65}},"98":{"start":{"line":192,"column":60},"end":{"line":192,"column":64}},"99":{"start":{"line":193,"column":8},"end":{"line":197,"column":9}},"100":{"start":{"line":194,"column":33},"end":{"line":194,"column":59}},"101":{"start":{"line":195,"column":12},"end":{"line":195,"column":89}},"102":{"start":{"line":195,"column":66},"end":{"line":195,"column":87}},"103":{"start":{"line":196,"column":12},"end":{"line":196,"column":38}},"104":{"start":{"line":199,"column":27},"end":{"line":199,"column":53}},"105":{"start":{"line":200,"column":8},"end":{"line":200,"column":34}},"106":{"start":{"line":203,"column":8},"end":{"line":203,"column":83}},"107":{"start":{"line":208,"column":0},"end":{"line":208,"column":27}}},"fnMap":{"0":{"name":"(anonymous_0)","decl":{"start":{"line":13,"column":21},"end":{"line":13,"column":22}},"loc":{"start":{"line":13,"column":32},"end":{"line":19,"column":1}},"line":13},"1":{"name":"(anonymous_1)","decl":{"start":{"line":22,"column":19},"end":{"line":22,"column":20}},"loc":{"start":{"line":22,"column":42},"end":{"line":26,"column":1}},"line":22},"2":{"name":"(anonymous_2)","decl":{"start":{"line":23,"column":23},"end":{"line":23,"column":24}},"loc":{"start":{"line":23,"column":33},"end":{"line":25,"column":5}},"line":23},"3":{"name":"(anonymous_3)","decl":{"start":{"line":29,"column":22},"end":{"line":29,"column":23}},"loc":{"start":{"line":29,"column":45},"end":{"line":33,"column":1}},"line":29},"4":{"name":"(anonymous_4)","decl":{"start":{"line":30,"column":42},"end":{"line":30,"column":43}},"loc":{"start":{"line":30,"column":51},"end":{"line":32,"column":5}},"line":30},"5":{"name":"(anonymous_5)","decl":{"start":{"line":39,"column":20},"end":{"line":39,"column":21}},"loc":{"start":{"line":39,"column":49},"end":{"line":89,"column":1}},"line":39},"6":{"name":"(anonymous_6)","decl":{"start":{"line":92,"column":22},"end":{"line":92,"column":23}},"loc":{"start":{"line":92,"column":50},"end":{"line":160,"column":1}},"line":92},"7":{"name":"(anonymous_7)","decl":{"start":{"line":122,"column":54},"end":{"line":122,"column":55}},"loc":{"start":{"line":122,"column":64},"end":{"line":122,"column":76}},"line":122},"8":{"name":"(anonymous_8)","decl":{"start":{"line":123,"column":55},"end":{"line":123,"column":56}},"loc":{"start":{"line":123,"column":65},"end":{"line":123,"column":77}},"line":123},"9":{"name":"(anonymous_9)","decl":{"start":{"line":139,"column":69},"end":{"line":139,"column":70}},"loc":{"start":{"line":139,"column":78},"end":{"line":139,"column":117}},"line":139},"10":{"name":"(anonymous_10)","decl":{"start":{"line":140,"column":75},"end":{"line":140,"column":76}},"loc":{"start":{"line":140,"column":85},"end":{"line":140,"column":126}},"line":140},"11":{"name":"(anonymous_11)","decl":{"start":{"line":167,"column":25},"end":{"line":167,"column":26}},"loc":{"start":{"line":167,"column":54},"end":{"line":205,"column":1}},"line":167},"12":{"name":"(anonymous_12)","decl":{"start":{"line":187,"column":49},"end":{"line":187,"column":50}},"loc":{"start":{"line":188,"column":12},"end":{"line":188,"column":58}},"line":188},"13":{"name":"(anonymous_13)","decl":{"start":{"line":192,"column":50},"end":{"line":192,"column":51}},"loc":{"start":{"line":192,"column":60},"end":{"line":192,"column":64}},"line":192},"14":{"name":"(anonymous_14)","decl":{"start":{"line":195,"column":57},"end":{"line":195,"column":58}},"loc":{"start":{"line":195,"column":66},"end":{"line":195,"column":87}},"line":195}},"branchMap":{"0":{"loc":{"start":{"line":15,"column":4},"end":{"line":17,"column":5}},"type":"if","locations":[{"start":{"line":15,"column":4},"end":{"line":17,"column":5}},{"start":{},"end":{}}],"line":15},"1":{"loc":{"start":{"line":15,"column":8},"end":{"line":15,"column":74}},"type":"binary-expr","locations":[{"start":{"line":15,"column":8},"end":{"line":15,"column":21}},{"start":{"line":15,"column":25},"end":{"line":15,"column":74}}],"line":15},"2":{"loc":{"start":{"line":45,"column":4},"end":{"line":47,"column":5}},"type":"if","locations":[{"start":{"line":45,"column":4},"end":{"line":47,"column":5}},{"start":{},"end":{}}],"line":45},"3":{"loc":{"start":{"line":53,"column":26},"end":{"line":53,"column":83}},"type":"cond-expr","locations":[{"start":{"line":53,"column":72},"end":{"line":53,"column":76}},{"start":{"line":53,"column":78},"end":{"line":53,"column":83}}],"line":53},"4":{"loc":{"start":{"line":54,"column":24},"end":{"line":54,"column":70}},"type":"cond-expr","locations":[{"start":{"line":54,"column":59},"end":{"line":54,"column":63}},{"start":{"line":54,"column":65},"end":{"line":54,"column":70}}],"line":54},"5":{"loc":{"start":{"line":57,"column":4},"end":{"line":88,"column":5}},"type":"if","locations":[{"start":{"line":57,"column":4},"end":{"line":88,"column":5}},{"start":{"line":85,"column":10},"end":{"line":88,"column":5}}],"line":57},"6":{"loc":{"start":{"line":57,"column":7},"end":{"line":57,"column":35}},"type":"binary-expr","locations":[{"start":{"line":57,"column":7},"end":{"line":57,"column":20}},{"start":{"line":57,"column":24},"end":{"line":57,"column":35}}],"line":57},"7":{"loc":{"start":{"line":68,"column":8},"end":{"line":71,"column":9}},"type":"if","locations":[{"start":{"line":68,"column":8},"end":{"line":71,"column":9}},{"start":{},"end":{}}],"line":68},"8":{"loc":{"start":{"line":101,"column":4},"end":{"line":103,"column":5}},"type":"if","locations":[{"start":{"line":101,"column":4},"end":{"line":103,"column":5}},{"start":{},"end":{}}],"line":101},"9":{"loc":{"start":{"line":109,"column":26},"end":{"line":109,"column":83}},"type":"cond-expr","locations":[{"start":{"line":109,"column":72},"end":{"line":109,"column":76}},{"start":{"line":109,"column":78},"end":{"line":109,"column":83}}],"line":109},"10":{"loc":{"start":{"line":110,"column":24},"end":{"line":110,"column":70}},"type":"cond-expr","locations":[{"start":{"line":110,"column":59},"end":{"line":110,"column":63}},{"start":{"line":110,"column":65},"end":{"line":110,"column":70}}],"line":110},"11":{"loc":{"start":{"line":112,"column":4},"end":{"line":155,"column":5}},"type":"if","locations":[{"start":{"line":112,"column":4},"end":{"line":155,"column":5}},{"start":{"line":150,"column":10},"end":{"line":155,"column":5}}],"line":112},"12":{"loc":{"start":{"line":112,"column":7},"end":{"line":112,"column":35}},"type":"binary-expr","locations":[{"start":{"line":112,"column":7},"end":{"line":112,"column":20}},{"start":{"line":112,"column":24},"end":{"line":112,"column":35}}],"line":112},"13":{"loc":{"start":{"line":114,"column":27},"end":{"line":114,"column":82}},"type":"cond-expr","locations":[{"start":{"line":114,"column":46},"end":{"line":114,"column":63}},{"start":{"line":114,"column":66},"end":{"line":114,"column":82}}],"line":114},"14":{"loc":{"start":{"line":115,"column":34},"end":{"line":115,"column":110}},"type":"cond-expr","locations":[{"start":{"line":115,"column":60},"end":{"line":115,"column":84}},{"start":{"line":115,"column":87},"end":{"line":115,"column":110}}],"line":115},"15":{"loc":{"start":{"line":116,"column":30},"end":{"line":116,"column":94}},"type":"cond-expr","locations":[{"start":{"line":116,"column":52},"end":{"line":116,"column":72}},{"start":{"line":116,"column":75},"end":{"line":116,"column":94}}],"line":116},"16":{"loc":{"start":{"line":119,"column":8},"end":{"line":149,"column":9}},"type":"if","locations":[{"start":{"line":119,"column":8},"end":{"line":149,"column":9}},{"start":{},"end":{}}],"line":119},"17":{"loc":{"start":{"line":125,"column":16},"end":{"line":127,"column":17}},"type":"if","locations":[{"start":{"line":125,"column":16},"end":{"line":127,"column":17}},{"start":{},"end":{}}],"line":125},"18":{"loc":{"start":{"line":130,"column":16},"end":{"line":132,"column":17}},"type":"if","locations":[{"start":{"line":130,"column":16},"end":{"line":132,"column":17}},{"start":{},"end":{}}],"line":130},"19":{"loc":{"start":{"line":137,"column":16},"end":{"line":147,"column":17}},"type":"if","locations":[{"start":{"line":137,"column":16},"end":{"line":147,"column":17}},{"start":{"line":142,"column":23},"end":{"line":147,"column":17}}],"line":137},"20":{"loc":{"start":{"line":151,"column":8},"end":{"line":154,"column":9}},"type":"if","locations":[{"start":{"line":151,"column":8},"end":{"line":154,"column":9}},{"start":{},"end":{}}],"line":151},"21":{"loc":{"start":{"line":151,"column":11},"end":{"line":151,"column":105}},"type":"binary-expr","locations":[{"start":{"line":151,"column":11},"end":{"line":151,"column":28}},{"start":{"line":151,"column":32},"end":{"line":151,"column":56}},{"start":{"line":151,"column":60},"end":{"line":151,"column":80}},{"start":{"line":151,"column":84},"end":{"line":151,"column":105}}],"line":151},"22":{"loc":{"start":{"line":157,"column":25},"end":{"line":157,"column":85}},"type":"cond-expr","locations":[{"start":{"line":157,"column":46},"end":{"line":157,"column":65}},{"start":{"line":157,"column":67},"end":{"line":157,"column":85}}],"line":157},"23":{"loc":{"start":{"line":175,"column":4},"end":{"line":177,"column":5}},"type":"if","locations":[{"start":{"line":175,"column":4},"end":{"line":177,"column":5}},{"start":{},"end":{}}],"line":175},"24":{"loc":{"start":{"line":183,"column":26},"end":{"line":183,"column":83}},"type":"cond-expr","locations":[{"start":{"line":183,"column":72},"end":{"line":183,"column":76}},{"start":{"line":183,"column":78},"end":{"line":183,"column":83}}],"line":183},"25":{"loc":{"start":{"line":184,"column":24},"end":{"line":184,"column":70}},"type":"cond-expr","locations":[{"start":{"line":184,"column":59},"end":{"line":184,"column":63}},{"start":{"line":184,"column":65},"end":{"line":184,"column":70}}],"line":184},"26":{"loc":{"start":{"line":186,"column":4},"end":{"line":204,"column":5}},"type":"if","locations":[{"start":{"line":186,"column":4},"end":{"line":204,"column":5}},{"start":{"line":201,"column":10},"end":{"line":204,"column":5}}],"line":186},"27":{"loc":{"start":{"line":186,"column":7},"end":{"line":186,"column":35}},"type":"binary-expr","locations":[{"start":{"line":186,"column":7},"end":{"line":186,"column":20}},{"start":{"line":186,"column":24},"end":{"line":186,"column":35}}],"line":186}},"s":{"0":5,"1":5,"2":5,"3":5,"4":5,"5":5,"6":8,"7":8,"8":8,"9":0,"10":5,"11":2,"12":2,"13":5,"14":1,"15":1,"16":5,"17":3,"18":3,"19":3,"20":0,"21":3,"22":3,"23":3,"24":3,"25":3,"26":3,"27":3,"28":0,"29":0,"30":3,"31":3,"32":3,"33":3,"34":0,"35":0,"36":0,"37":0,"38":0,"39":5,"40":3,"41":3,"42":3,"43":3,"44":0,"45":3,"46":3,"47":3,"48":3,"49":3,"50":3,"51":3,"52":3,"53":3,"54":1,"55":1,"56":2,"57":1,"58":4,"59":1,"60":2,"61":0,"62":1,"63":4,"64":2,"65":1,"66":2,"67":2,"68":0,"69":0,"70":0,"71":0,"72":0,"73":0,"74":2,"75":2,"76":2,"77":2,"78":0,"79":0,"80":3,"81":3,"82":2,"83":5,"84":2,"85":2,"86":2,"87":2,"88":0,"89":2,"90":2,"91":2,"92":2,"93":2,"94":2,"95":4,"96":2,"97":2,"98":4,"99":2,"100":4,"101":4,"102":12,"103":4,"104":2,"105":2,"106":0,"107":5},"f":{"0":8,"1":2,"2":2,"3":1,"4":1,"5":3,"6":3,"7":2,"8":4,"9":0,"10":0,"11":2,"12":4,"13":4,"14":12},"b":{"0":[8,0],"1":[8,8],"2":[0,3],"3":[0,3],"4":[3,0],"5":[3,0],"6":[3,3],"7":[0,3],"8":[0,3],"9":[0,3],"10":[3,0],"11":[3,0],"12":[3,3],"13":[2,1],"14":[1,2],"15":[0,3],"16":[1,2],"17":[0,2],"18":[2,2],"19":[0,2],"20":[0,0],"21":[0,0,0,0],"22":[1,2],"23":[0,2],"24":[0,2],"25":[2,0],"26":[2,0],"27":[2,2]},"_coverageSchema":"1a1c01bbd47fc00a2c39e90264f33305004495a9","hash":"84fa29652a7df830f94519ed5cfed77cc667de51"}
,"C:\\Users\\khmya\\Desktop\\self learn\\react\\portfolio\\lessons\\vite-project\\backend\\controllers\\loginRouter.js": {"path":"C:\\Users\\khmya\\Desktop\\self learn\\react\\portfolio\\lessons\\vite-project\\backend\\controllers\\loginRouter.js","statementMap":{"0":{"start":{"line":2,"column":12},"end":{"line":2,"column":35}},"1":{"start":{"line":3,"column":15},"end":{"line":3,"column":32}},"2":{"start":{"line":6,"column":20},"end":{"line":6,"column":47}},"3":{"start":{"line":9,"column":14},"end":{"line":9,"column":40}},"4":{"start":{"line":12,"column":0},"end":{"line":42,"column":2}},"5":{"start":{"line":14,"column":33},"end":{"line":14,"column":45}},"6":{"start":{"line":17,"column":15},"end":{"line":17,"column":48}},"7":{"start":{"line":18,"column":26},"end":{"line":20,"column":55}},"8":{"start":{"line":23,"column":2},"end":{"line":27,"column":3}},"9":{"start":{"line":24,"column":4},"end":{"line":26,"column":6}},"10":{"start":{"line":30,"column":23},"end":{"line":33,"column":3}},"11":{"start":{"line":36,"column":16},"end":{"line":36,"column":58}},"12":{"start":{"line":39,"column":2},"end":{"line":41,"column":75}},"13":{"start":{"line":44,"column":0},"end":{"line":44,"column":28}}},"fnMap":{"0":{"name":"(anonymous_0)","decl":{"start":{"line":12,"column":22},"end":{"line":12,"column":23}},"loc":{"start":{"line":12,"column":51},"end":{"line":42,"column":1}},"line":12}},"branchMap":{"0":{"loc":{"start":{"line":18,"column":26},"end":{"line":20,"column":55}},"type":"cond-expr","locations":[{"start":{"line":19,"column":6},"end":{"line":19,"column":11}},{"start":{"line":20,"column":6},"end":{"line":20,"column":55}}],"line":18},"1":{"loc":{"start":{"line":23,"column":2},"end":{"line":27,"column":3}},"type":"if","locations":[{"start":{"line":23,"column":2},"end":{"line":27,"column":3}},{"start":{},"end":{}}],"line":23},"2":{"loc":{"start":{"line":23,"column":8},"end":{"line":23,"column":31}},"type":"binary-expr","locations":[{"start":{"line":23,"column":8},"end":{"line":23,"column":12}},{"start":{"line":23,"column":16},"end":{"line":23,"column":31}}],"line":23}},"s":{"0":5,"1":5,"2":5,"3":5,"4":5,"5":2,"6":2,"7":2,"8":2,"9":1,"10":1,"11":1,"12":1,"13":5},"f":{"0":2},"b":{"0":[1,1],"1":[1,1],"2":[2,1]},"_coverageSchema":"1a1c01bbd47fc00a2c39e90264f33305004495a9","hash":"65d12021ea58886af0fd43e040e1939d634bd49c"}
,"C:\\Users\\khmya\\Desktop\\self learn\\react\\portfolio\\lessons\\vite-project\\backend\\controllers\\projectRouter.js": {"path":"C:\\Users\\khmya\\Desktop\\self learn\\react\\portfolio\\lessons\\vite-project\\backend\\controllers\\projectRouter.js","statementMap":{"0":{"start":{"line":2,"column":22},"end":{"line":2,"column":49}},"1":{"start":{"line":3,"column":15},"end":{"line":3,"column":32}},"2":{"start":{"line":6,"column":12},"end":{"line":6,"column":35}},"3":{"start":{"line":9,"column":14},"end":{"line":9,"column":40}},"4":{"start":{"line":10,"column":17},"end":{"line":10,"column":46}},"5":{"start":{"line":11,"column":14},"end":{"line":11,"column":40}},"6":{"start":{"line":12,"column":13},"end":{"line":12,"column":38}},"7":{"start":{"line":14,"column":68},"end":{"line":14,"column":103}},"8":{"start":{"line":17,"column":21},"end":{"line":23,"column":1}},"9":{"start":{"line":18,"column":24},"end":{"line":18,"column":52}},"10":{"start":{"line":19,"column":2},"end":{"line":21,"column":3}},"11":{"start":{"line":20,"column":4},"end":{"line":20,"column":37}},"12":{"start":{"line":22,"column":2},"end":{"line":22,"column":13}},"13":{"start":{"line":26,"column":0},"end":{"line":30,"column":3}},"14":{"start":{"line":27,"column":2},"end":{"line":29,"column":7}},"15":{"start":{"line":28,"column":6},"end":{"line":28,"column":30}},"16":{"start":{"line":33,"column":0},"end":{"line":41,"column":3}},"17":{"start":{"line":35,"column":26},"end":{"line":38,"column":86}},"18":{"start":{"line":40,"column":2},"end":{"line":40,"column":33}},"19":{"start":{"line":47,"column":0},"end":{"line":88,"column":3}},"20":{"start":{"line":48,"column":16},"end":{"line":48,"column":37}},"21":{"start":{"line":49,"column":23},"end":{"line":49,"column":60}},"22":{"start":{"line":51,"column":2},"end":{"line":53,"column":3}},"23":{"start":{"line":52,"column":4},"end":{"line":52,"column":75}},"24":{"start":{"line":55,"column":18},"end":{"line":55,"column":55}},"25":{"start":{"line":56,"column":19},"end":{"line":56,"column":21}},"26":{"start":{"line":59,"column":18},"end":{"line":64,"column":4}},"27":{"start":{"line":67,"column":2},"end":{"line":70,"column":3}},"28":{"start":{"line":68,"column":4},"end":{"line":68,"column":43}},"29":{"start":{"line":69,"column":4},"end":{"line":69,"column":38}},"30":{"start":{"line":73,"column":23},"end":{"line":73,"column":43}},"31":{"start":{"line":76,"column":2},"end":{"line":76,"column":63}},"32":{"start":{"line":77,"column":2},"end":{"line":77,"column":23}},"33":{"start":{"line":80,"column":2},"end":{"line":84,"column":3}},"34":{"start":{"line":81,"column":22},"end":{"line":81,"column":48}},"35":{"start":{"line":82,"column":4},"end":{"line":82,"column":85}},"36":{"start":{"line":83,"column":4},"end":{"line":83,"column":29}},"37":{"start":{"line":87,"column":2},"end":{"line":87,"column":30}},"38":{"start":{"line":93,"column":0},"end":{"line":228,"column":2}},"39":{"start":{"line":95,"column":26},"end":{"line":95,"column":68}},"40":{"start":{"line":97,"column":2},"end":{"line":97,"column":50}},"41":{"start":{"line":99,"column":16},"end":{"line":99,"column":37}},"42":{"start":{"line":100,"column":23},"end":{"line":100,"column":60}},"43":{"start":{"line":102,"column":2},"end":{"line":104,"column":3}},"44":{"start":{"line":103,"column":4},"end":{"line":103,"column":75}},"45":{"start":{"line":106,"column":18},"end":{"line":106,"column":55}},"46":{"start":{"line":108,"column":27},"end":{"line":108,"column":95}},"47":{"start":{"line":109,"column":25},"end":{"line":109,"column":82}},"48":{"start":{"line":111,"column":2},"end":{"line":227,"column":3}},"49":{"start":{"line":113,"column":4},"end":{"line":113,"column":86}},"50":{"start":{"line":114,"column":4},"end":{"line":114,"column":114}},"51":{"start":{"line":117,"column":4},"end":{"line":124,"column":5}},"52":{"start":{"line":118,"column":6},"end":{"line":123,"column":7}},"53":{"start":{"line":119,"column":29},"end":{"line":119,"column":55}},"54":{"start":{"line":120,"column":8},"end":{"line":120,"column":94}},"55":{"start":{"line":121,"column":8},"end":{"line":121,"column":83}},"56":{"start":{"line":122,"column":8},"end":{"line":122,"column":34}},"57":{"start":{"line":128,"column":4},"end":{"line":218,"column":5}},"58":{"start":{"line":129,"column":6},"end":{"line":131,"column":7}},"59":{"start":{"line":130,"column":8},"end":{"line":130,"column":72}},"60":{"start":{"line":132,"column":6},"end":{"line":217,"column":7}},"61":{"start":{"line":133,"column":8},"end":{"line":173,"column":9}},"62":{"start":{"line":134,"column":31},"end":{"line":134,"column":57}},"63":{"start":{"line":136,"column":10},"end":{"line":136,"column":132}},"64":{"start":{"line":136,"column":82},"end":{"line":136,"column":130}},"65":{"start":{"line":137,"column":10},"end":{"line":137,"column":140}},"66":{"start":{"line":137,"column":90},"end":{"line":137,"column":138}},"67":{"start":{"line":138,"column":10},"end":{"line":138,"column":134}},"68":{"start":{"line":138,"column":84},"end":{"line":138,"column":132}},"69":{"start":{"line":139,"column":10},"end":{"line":139,"column":134}},"70":{"start":{"line":139,"column":84},"end":{"line":139,"column":132}},"71":{"start":{"line":141,"column":26},"end":{"line":141,"column":28}},"72":{"start":{"line":142,"column":25},"end":{"line":142,"column":27}},"73":{"start":{"line":144,"column":10},"end":{"line":148,"column":11}},"74":{"start":{"line":145,"column":12},"end":{"line":147,"column":13}},"75":{"start":{"line":146,"column":14},"end":{"line":146,"column":49}},"76":{"start":{"line":149,"column":10},"end":{"line":153,"column":11}},"77":{"start":{"line":150,"column":12},"end":{"line":152,"column":13}},"78":{"start":{"line":151,"column":14},"end":{"line":151,"column":46}},"79":{"start":{"line":155,"column":10},"end":{"line":160,"column":11}},"80":{"start":{"line":156,"column":33},"end":{"line":156,"column":59}},"81":{"start":{"line":157,"column":12},"end":{"line":157,"column":116}},"82":{"start":{"line":157,"column":73},"end":{"line":157,"column":114}},"83":{"start":{"line":158,"column":12},"end":{"line":158,"column":110}},"84":{"start":{"line":158,"column":67},"end":{"line":158,"column":108}},"85":{"start":{"line":159,"column":12},"end":{"line":159,"column":38}},"86":{"start":{"line":161,"column":10},"end":{"line":166,"column":11}},"87":{"start":{"line":162,"column":32},"end":{"line":162,"column":56}},"88":{"start":{"line":163,"column":12},"end":{"line":163,"column":114}},"89":{"start":{"line":163,"column":71},"end":{"line":163,"column":112}},"90":{"start":{"line":164,"column":12},"end":{"line":164,"column":107}},"91":{"start":{"line":164,"column":66},"end":{"line":164,"column":105}},"92":{"start":{"line":165,"column":12},"end":{"line":165,"column":37}},"93":{"start":{"line":169,"column":10},"end":{"line":169,"column":163}},"94":{"start":{"line":169,"column":101},"end":{"line":169,"column":161}},"95":{"start":{"line":170,"column":10},"end":{"line":170,"column":139}},"96":{"start":{"line":170,"column":83},"end":{"line":170,"column":137}},"97":{"start":{"line":172,"column":10},"end":{"line":172,"column":36}},"98":{"start":{"line":175,"column":8},"end":{"line":177,"column":9}},"99":{"start":{"line":176,"column":10},"end":{"line":176,"column":82}},"100":{"start":{"line":178,"column":8},"end":{"line":216,"column":9}},"101":{"start":{"line":179,"column":31},"end":{"line":179,"column":57}},"102":{"start":{"line":181,"column":10},"end":{"line":181,"column":140}},"103":{"start":{"line":181,"column":90},"end":{"line":181,"column":138}},"104":{"start":{"line":182,"column":10},"end":{"line":182,"column":134}},"105":{"start":{"line":182,"column":84},"end":{"line":182,"column":132}},"106":{"start":{"line":183,"column":10},"end":{"line":183,"column":134}},"107":{"start":{"line":183,"column":84},"end":{"line":183,"column":132}},"108":{"start":{"line":184,"column":26},"end":{"line":184,"column":28}},"109":{"start":{"line":185,"column":25},"end":{"line":185,"column":27}},"110":{"start":{"line":187,"column":10},"end":{"line":191,"column":11}},"111":{"start":{"line":188,"column":12},"end":{"line":190,"column":13}},"112":{"start":{"line":189,"column":14},"end":{"line":189,"column":49}},"113":{"start":{"line":192,"column":10},"end":{"line":196,"column":11}},"114":{"start":{"line":193,"column":12},"end":{"line":195,"column":13}},"115":{"start":{"line":194,"column":14},"end":{"line":194,"column":46}},"116":{"start":{"line":198,"column":10},"end":{"line":203,"column":11}},"117":{"start":{"line":199,"column":33},"end":{"line":199,"column":59}},"118":{"start":{"line":200,"column":12},"end":{"line":200,"column":116}},"119":{"start":{"line":200,"column":73},"end":{"line":200,"column":114}},"120":{"start":{"line":201,"column":12},"end":{"line":201,"column":110}},"121":{"start":{"line":201,"column":67},"end":{"line":201,"column":108}},"122":{"start":{"line":202,"column":12},"end":{"line":202,"column":38}},"123":{"start":{"line":204,"column":10},"end":{"line":209,"column":11}},"124":{"start":{"line":205,"column":32},"end":{"line":205,"column":56}},"125":{"start":{"line":206,"column":12},"end":{"line":206,"column":114}},"126":{"start":{"line":206,"column":71},"end":{"line":206,"column":112}},"127":{"start":{"line":207,"column":12},"end":{"line":207,"column":107}},"128":{"start":{"line":207,"column":66},"end":{"line":207,"column":105}},"129":{"start":{"line":208,"column":12},"end":{"line":208,"column":37}},"130":{"start":{"line":212,"column":10},"end":{"line":212,"column":163}},"131":{"start":{"line":212,"column":101},"end":{"line":212,"column":161}},"132":{"start":{"line":213,"column":10},"end":{"line":213,"column":139}},"133":{"start":{"line":213,"column":83},"end":{"line":213,"column":137}},"134":{"start":{"line":215,"column":10},"end":{"line":215,"column":36}},"135":{"start":{"line":220,"column":4},"end":{"line":222,"column":5}},"136":{"start":{"line":221,"column":6},"end":{"line":221,"column":53}},"137":{"start":{"line":223,"column":25},"end":{"line":223,"column":53}},"138":{"start":{"line":224,"column":4},"end":{"line":224,"column":32}},"139":{"start":{"line":226,"column":4},"end":{"line":226,"column":87}},"140":{"start":{"line":231,"column":0},"end":{"line":252,"column":2}},"141":{"start":{"line":233,"column":26},"end":{"line":233,"column":68}},"142":{"start":{"line":235,"column":16},"end":{"line":235,"column":37}},"143":{"start":{"line":236,"column":23},"end":{"line":236,"column":60}},"144":{"start":{"line":238,"column":2},"end":{"line":240,"column":3}},"145":{"start":{"line":239,"column":4},"end":{"line":239,"column":75}},"146":{"start":{"line":242,"column":18},"end":{"line":242,"column":55}},"147":{"start":{"line":245,"column":2},"end":{"line":250,"column":3}},"148":{"start":{"line":246,"column":4},"end":{"line":246,"column":114}},"149":{"start":{"line":248,"column":4},"end":{"line":248,"column":49}},"150":{"start":{"line":249,"column":4},"end":{"line":249,"column":33}},"151":{"start":{"line":251,"column":2},"end":{"line":251,"column":33}},"152":{"start":{"line":254,"column":0},"end":{"line":282,"column":3}},"153":{"start":{"line":256,"column":26},"end":{"line":256,"column":68}},"154":{"start":{"line":257,"column":23},"end":{"line":257,"column":66}},"155":{"start":{"line":258,"column":21},"end":{"line":258,"column":53}},"156":{"start":{"line":260,"column":2},"end":{"line":264,"column":3}},"157":{"start":{"line":261,"column":4},"end":{"line":261,"column":132}},"158":{"start":{"line":261,"column":80},"end":{"line":261,"column":130}},"159":{"start":{"line":262,"column":4},"end":{"line":262,"column":128}},"160":{"start":{"line":262,"column":77},"end":{"line":262,"column":126}},"161":{"start":{"line":263,"column":4},"end":{"line":263,"column":144}},"162":{"start":{"line":263,"column":89},"end":{"line":263,"column":142}},"163":{"start":{"line":266,"column":2},"end":{"line":278,"column":3}},"164":{"start":{"line":268,"column":6},"end":{"line":268,"column":87}},"165":{"start":{"line":269,"column":6},"end":{"line":269,"column":12}},"166":{"start":{"line":271,"column":6},"end":{"line":271,"column":79}},"167":{"start":{"line":272,"column":6},"end":{"line":272,"column":12}},"168":{"start":{"line":274,"column":6},"end":{"line":274,"column":81}},"169":{"start":{"line":275,"column":6},"end":{"line":275,"column":12}},"170":{"start":{"line":277,"column":6},"end":{"line":277,"column":12}},"171":{"start":{"line":280,"column":23},"end":{"line":280,"column":51}},"172":{"start":{"line":281,"column":2},"end":{"line":281,"column":30}},"173":{"start":{"line":287,"column":0},"end":{"line":363,"column":3}},"174":{"start":{"line":289,"column":18},"end":{"line":289,"column":60}},"175":{"start":{"line":291,"column":16},"end":{"line":291,"column":37}},"176":{"start":{"line":292,"column":23},"end":{"line":292,"column":60}},"177":{"start":{"line":294,"column":2},"end":{"line":296,"column":3}},"178":{"start":{"line":295,"column":4},"end":{"line":295,"column":75}},"179":{"start":{"line":298,"column":18},"end":{"line":298,"column":55}},"180":{"start":{"line":300,"column":2},"end":{"line":302,"column":3}},"181":{"start":{"line":301,"column":4},"end":{"line":301,"column":64}},"182":{"start":{"line":304,"column":6},"end":{"line":312,"column":5}},"183":{"start":{"line":305,"column":29},"end":{"line":305,"column":55}},"184":{"start":{"line":306,"column":8},"end":{"line":310,"column":9}},"185":{"start":{"line":307,"column":29},"end":{"line":307,"column":55}},"186":{"start":{"line":308,"column":8},"end":{"line":308,"column":122}},"187":{"start":{"line":308,"column":72},"end":{"line":308,"column":120}},"188":{"start":{"line":309,"column":8},"end":{"line":309,"column":34}},"189":{"start":{"line":311,"column":8},"end":{"line":311,"column":36}},"190":{"start":{"line":315,"column":4},"end":{"line":323,"column":5}},"191":{"start":{"line":316,"column":28},"end":{"line":316,"column":52}},"192":{"start":{"line":317,"column":8},"end":{"line":321,"column":9}},"193":{"start":{"line":318,"column":33},"end":{"line":318,"column":59}},"194":{"start":{"line":319,"column":12},"end":{"line":319,"column":121}},"195":{"start":{"line":319,"column":73},"end":{"line":319,"column":119}},"196":{"start":{"line":320,"column":12},"end":{"line":320,"column":38}},"197":{"start":{"line":322,"column":8},"end":{"line":322,"column":35}},"198":{"start":{"line":326,"column":20},"end":{"line":326,"column":57}},"199":{"start":{"line":327,"column":4},"end":{"line":327,"column":121}},"200":{"start":{"line":327,"column":73},"end":{"line":327,"column":119}},"201":{"start":{"line":328,"column":4},"end":{"line":328,"column":25}},"202":{"start":{"line":331,"column":4},"end":{"line":335,"column":6}},"203":{"start":{"line":332,"column":30},"end":{"line":332,"column":57}},"204":{"start":{"line":333,"column":8},"end":{"line":333,"column":137}},"205":{"start":{"line":333,"column":89},"end":{"line":333,"column":135}},"206":{"start":{"line":334,"column":8},"end":{"line":334,"column":35}},"207":{"start":{"line":338,"column":4},"end":{"line":342,"column":6}},"208":{"start":{"line":339,"column":34},"end":{"line":339,"column":65}},"209":{"start":{"line":340,"column":8},"end":{"line":340,"column":145}},"210":{"start":{"line":340,"column":97},"end":{"line":340,"column":143}},"211":{"start":{"line":341,"column":8},"end":{"line":341,"column":39}},"212":{"start":{"line":345,"column":4},"end":{"line":349,"column":6}},"213":{"start":{"line":346,"column":31},"end":{"line":346,"column":59}},"214":{"start":{"line":347,"column":8},"end":{"line":347,"column":139}},"215":{"start":{"line":347,"column":91},"end":{"line":347,"column":137}},"216":{"start":{"line":348,"column":8},"end":{"line":348,"column":36}},"217":{"start":{"line":352,"column":4},"end":{"line":356,"column":6}},"218":{"start":{"line":353,"column":31},"end":{"line":353,"column":59}},"219":{"start":{"line":354,"column":8},"end":{"line":354,"column":151}},"220":{"start":{"line":354,"column":103},"end":{"line":354,"column":149}},"221":{"start":{"line":355,"column":8},"end":{"line":355,"column":36}},"222":{"start":{"line":359,"column":25},"end":{"line":359,"column":47}},"223":{"start":{"line":362,"column":2},"end":{"line":362,"column":32}},"224":{"start":{"line":365,"column":0},"end":{"line":365,"column":31}}},"fnMap":{"0":{"name":"(anonymous_0)","decl":{"start":{"line":17,"column":21},"end":{"line":17,"column":22}},"loc":{"start":{"line":17,"column":32},"end":{"line":23,"column":1}},"line":17},"1":{"name":"(anonymous_1)","decl":{"start":{"line":26,"column":23},"end":{"line":26,"column":24}},"loc":{"start":{"line":26,"column":46},"end":{"line":30,"column":1}},"line":26},"2":{"name":"(anonymous_2)","decl":{"start":{"line":27,"column":25},"end":{"line":27,"column":26}},"loc":{"start":{"line":27,"column":39},"end":{"line":29,"column":5}},"line":27},"3":{"name":"(anonymous_3)","decl":{"start":{"line":33,"column":26},"end":{"line":33,"column":27}},"loc":{"start":{"line":33,"column":55},"end":{"line":41,"column":1}},"line":33},"4":{"name":"(anonymous_4)","decl":{"start":{"line":47,"column":24},"end":{"line":47,"column":25}},"loc":{"start":{"line":47,"column":53},"end":{"line":88,"column":1}},"line":47},"5":{"name":"(anonymous_5)","decl":{"start":{"line":93,"column":26},"end":{"line":93,"column":27}},"loc":{"start":{"line":93,"column":54},"end":{"line":228,"column":1}},"line":93},"6":{"name":"(anonymous_6)","decl":{"start":{"line":136,"column":65},"end":{"line":136,"column":66}},"loc":{"start":{"line":136,"column":82},"end":{"line":136,"column":130}},"line":136},"7":{"name":"(anonymous_7)","decl":{"start":{"line":137,"column":73},"end":{"line":137,"column":74}},"loc":{"start":{"line":137,"column":90},"end":{"line":137,"column":138}},"line":137},"8":{"name":"(anonymous_8)","decl":{"start":{"line":138,"column":67},"end":{"line":138,"column":68}},"loc":{"start":{"line":138,"column":84},"end":{"line":138,"column":132}},"line":138},"9":{"name":"(anonymous_9)","decl":{"start":{"line":139,"column":67},"end":{"line":139,"column":68}},"loc":{"start":{"line":139,"column":84},"end":{"line":139,"column":132}},"line":139},"10":{"name":"(anonymous_10)","decl":{"start":{"line":157,"column":65},"end":{"line":157,"column":66}},"loc":{"start":{"line":157,"column":73},"end":{"line":157,"column":114}},"line":157},"11":{"name":"(anonymous_11)","decl":{"start":{"line":158,"column":59},"end":{"line":158,"column":60}},"loc":{"start":{"line":158,"column":67},"end":{"line":158,"column":108}},"line":158},"12":{"name":"(anonymous_12)","decl":{"start":{"line":163,"column":63},"end":{"line":163,"column":64}},"loc":{"start":{"line":163,"column":71},"end":{"line":163,"column":112}},"line":163},"13":{"name":"(anonymous_13)","decl":{"start":{"line":164,"column":59},"end":{"line":164,"column":60}},"loc":{"start":{"line":164,"column":66},"end":{"line":164,"column":105}},"line":164},"14":{"name":"(anonymous_14)","decl":{"start":{"line":169,"column":75},"end":{"line":169,"column":76}},"loc":{"start":{"line":169,"column":101},"end":{"line":169,"column":161}},"line":169},"15":{"name":"(anonymous_15)","decl":{"start":{"line":170,"column":63},"end":{"line":170,"column":64}},"loc":{"start":{"line":170,"column":83},"end":{"line":170,"column":137}},"line":170},"16":{"name":"(anonymous_16)","decl":{"start":{"line":181,"column":73},"end":{"line":181,"column":74}},"loc":{"start":{"line":181,"column":90},"end":{"line":181,"column":138}},"line":181},"17":{"name":"(anonymous_17)","decl":{"start":{"line":182,"column":67},"end":{"line":182,"column":68}},"loc":{"start":{"line":182,"column":84},"end":{"line":182,"column":132}},"line":182},"18":{"name":"(anonymous_18)","decl":{"start":{"line":183,"column":67},"end":{"line":183,"column":68}},"loc":{"start":{"line":183,"column":84},"end":{"line":183,"column":132}},"line":183},"19":{"name":"(anonymous_19)","decl":{"start":{"line":200,"column":65},"end":{"line":200,"column":66}},"loc":{"start":{"line":200,"column":73},"end":{"line":200,"column":114}},"line":200},"20":{"name":"(anonymous_20)","decl":{"start":{"line":201,"column":59},"end":{"line":201,"column":60}},"loc":{"start":{"line":201,"column":67},"end":{"line":201,"column":108}},"line":201},"21":{"name":"(anonymous_21)","decl":{"start":{"line":206,"column":63},"end":{"line":206,"column":64}},"loc":{"start":{"line":206,"column":71},"end":{"line":206,"column":112}},"line":206},"22":{"name":"(anonymous_22)","decl":{"start":{"line":207,"column":59},"end":{"line":207,"column":60}},"loc":{"start":{"line":207,"column":66},"end":{"line":207,"column":105}},"line":207},"23":{"name":"(anonymous_23)","decl":{"start":{"line":212,"column":75},"end":{"line":212,"column":76}},"loc":{"start":{"line":212,"column":101},"end":{"line":212,"column":161}},"line":212},"24":{"name":"(anonymous_24)","decl":{"start":{"line":213,"column":63},"end":{"line":213,"column":64}},"loc":{"start":{"line":213,"column":83},"end":{"line":213,"column":137}},"line":213},"25":{"name":"(anonymous_25)","decl":{"start":{"line":231,"column":39},"end":{"line":231,"column":40}},"loc":{"start":{"line":231,"column":67},"end":{"line":252,"column":1}},"line":231},"26":{"name":"(anonymous_26)","decl":{"start":{"line":254,"column":34},"end":{"line":254,"column":35}},"loc":{"start":{"line":254,"column":62},"end":{"line":282,"column":1}},"line":254},"27":{"name":"(anonymous_27)","decl":{"start":{"line":261,"column":61},"end":{"line":261,"column":62}},"loc":{"start":{"line":261,"column":80},"end":{"line":261,"column":130}},"line":261},"28":{"name":"(anonymous_28)","decl":{"start":{"line":262,"column":59},"end":{"line":262,"column":60}},"loc":{"start":{"line":262,"column":77},"end":{"line":262,"column":126}},"line":262},"29":{"name":"(anonymous_29)","decl":{"start":{"line":263,"column":67},"end":{"line":263,"column":68}},"loc":{"start":{"line":263,"column":89},"end":{"line":263,"column":142}},"line":263},"30":{"name":"(anonymous_30)","decl":{"start":{"line":287,"column":29},"end":{"line":287,"column":30}},"loc":{"start":{"line":287,"column":58},"end":{"line":363,"column":1}},"line":287},"31":{"name":"(anonymous_31)","decl":{"start":{"line":308,"column":55},"end":{"line":308,"column":56}},"loc":{"start":{"line":308,"column":72},"end":{"line":308,"column":120}},"line":308},"32":{"name":"(anonymous_32)","decl":{"start":{"line":319,"column":57},"end":{"line":319,"column":58}},"loc":{"start":{"line":319,"column":73},"end":{"line":319,"column":119}},"line":319},"33":{"name":"(anonymous_33)","decl":{"start":{"line":327,"column":53},"end":{"line":327,"column":54}},"loc":{"start":{"line":327,"column":73},"end":{"line":327,"column":119}},"line":327},"34":{"name":"(anonymous_34)","decl":{"start":{"line":331,"column":33},"end":{"line":331,"column":34}},"loc":{"start":{"line":331,"column":50},"end":{"line":335,"column":5}},"line":331},"35":{"name":"(anonymous_35)","decl":{"start":{"line":333,"column":69},"end":{"line":333,"column":70}},"loc":{"start":{"line":333,"column":89},"end":{"line":333,"column":135}},"line":333},"36":{"name":"(anonymous_36)","decl":{"start":{"line":338,"column":37},"end":{"line":338,"column":38}},"loc":{"start":{"line":338,"column":58},"end":{"line":342,"column":5}},"line":338},"37":{"name":"(anonymous_37)","decl":{"start":{"line":340,"column":77},"end":{"line":340,"column":78}},"loc":{"start":{"line":340,"column":97},"end":{"line":340,"column":143}},"line":340},"38":{"name":"(anonymous_38)","decl":{"start":{"line":345,"column":34},"end":{"line":345,"column":35}},"loc":{"start":{"line":345,"column":52},"end":{"line":349,"column":5}},"line":345},"39":{"name":"(anonymous_39)","decl":{"start":{"line":347,"column":71},"end":{"line":347,"column":72}},"loc":{"start":{"line":347,"column":91},"end":{"line":347,"column":137}},"line":347},"40":{"name":"(anonymous_40)","decl":{"start":{"line":352,"column":34},"end":{"line":352,"column":35}},"loc":{"start":{"line":352,"column":52},"end":{"line":356,"column":5}},"line":352},"41":{"name":"(anonymous_41)","decl":{"start":{"line":354,"column":83},"end":{"line":354,"column":84}},"loc":{"start":{"line":354,"column":103},"end":{"line":354,"column":149}},"line":354}},"branchMap":{"0":{"loc":{"start":{"line":19,"column":2},"end":{"line":21,"column":3}},"type":"if","locations":[{"start":{"line":19,"column":2},"end":{"line":21,"column":3}},{"start":{},"end":{}}],"line":19},"1":{"loc":{"start":{"line":19,"column":6},"end":{"line":19,"column":72}},"type":"binary-expr","locations":[{"start":{"line":19,"column":6},"end":{"line":19,"column":19}},{"start":{"line":19,"column":23},"end":{"line":19,"column":72}}],"line":19},"2":{"loc":{"start":{"line":51,"column":2},"end":{"line":53,"column":3}},"type":"if","locations":[{"start":{"line":51,"column":2},"end":{"line":53,"column":3}},{"start":{},"end":{}}],"line":51},"3":{"loc":{"start":{"line":67,"column":2},"end":{"line":70,"column":3}},"type":"if","locations":[{"start":{"line":67,"column":2},"end":{"line":70,"column":3}},{"start":{},"end":{}}],"line":67},"4":{"loc":{"start":{"line":102,"column":2},"end":{"line":104,"column":3}},"type":"if","locations":[{"start":{"line":102,"column":2},"end":{"line":104,"column":3}},{"start":{},"end":{}}],"line":102},"5":{"loc":{"start":{"line":108,"column":27},"end":{"line":108,"column":95}},"type":"cond-expr","locations":[{"start":{"line":108,"column":84},"end":{"line":108,"column":88}},{"start":{"line":108,"column":90},"end":{"line":108,"column":95}}],"line":108},"6":{"loc":{"start":{"line":109,"column":25},"end":{"line":109,"column":82}},"type":"cond-expr","locations":[{"start":{"line":109,"column":71},"end":{"line":109,"column":75}},{"start":{"line":109,"column":77},"end":{"line":109,"column":82}}],"line":109},"7":{"loc":{"start":{"line":111,"column":2},"end":{"line":227,"column":3}},"type":"if","locations":[{"start":{"line":111,"column":2},"end":{"line":227,"column":3}},{"start":{"line":225,"column":9},"end":{"line":227,"column":3}}],"line":111},"8":{"loc":{"start":{"line":111,"column":5},"end":{"line":111,"column":39}},"type":"binary-expr","locations":[{"start":{"line":111,"column":5},"end":{"line":111,"column":21}},{"start":{"line":111,"column":25},"end":{"line":111,"column":39}}],"line":111},"9":{"loc":{"start":{"line":113,"column":27},"end":{"line":113,"column":85}},"type":"cond-expr","locations":[{"start":{"line":113,"column":46},"end":{"line":113,"column":63}},{"start":{"line":113,"column":65},"end":{"line":113,"column":85}}],"line":113},"10":{"loc":{"start":{"line":114,"column":34},"end":{"line":114,"column":113}},"type":"cond-expr","locations":[{"start":{"line":114,"column":60},"end":{"line":114,"column":84}},{"start":{"line":114,"column":86},"end":{"line":114,"column":113}}],"line":114},"11":{"loc":{"start":{"line":117,"column":4},"end":{"line":124,"column":5}},"type":"if","locations":[{"start":{"line":117,"column":4},"end":{"line":124,"column":5}},{"start":{},"end":{}}],"line":117},"12":{"loc":{"start":{"line":128,"column":4},"end":{"line":218,"column":5}},"type":"if","locations":[{"start":{"line":128,"column":4},"end":{"line":218,"column":5}},{"start":{},"end":{}}],"line":128},"13":{"loc":{"start":{"line":129,"column":6},"end":{"line":131,"column":7}},"type":"if","locations":[{"start":{"line":129,"column":6},"end":{"line":131,"column":7}},{"start":{},"end":{}}],"line":129},"14":{"loc":{"start":{"line":132,"column":6},"end":{"line":217,"column":7}},"type":"if","locations":[{"start":{"line":132,"column":6},"end":{"line":217,"column":7}},{"start":{"line":174,"column":12},"end":{"line":217,"column":7}}],"line":132},"15":{"loc":{"start":{"line":145,"column":12},"end":{"line":147,"column":13}},"type":"if","locations":[{"start":{"line":145,"column":12},"end":{"line":147,"column":13}},{"start":{},"end":{}}],"line":145},"16":{"loc":{"start":{"line":150,"column":12},"end":{"line":152,"column":13}},"type":"if","locations":[{"start":{"line":150,"column":12},"end":{"line":152,"column":13}},{"start":{},"end":{}}],"line":150},"17":{"loc":{"start":{"line":175,"column":8},"end":{"line":177,"column":9}},"type":"if","locations":[{"start":{"line":175,"column":8},"end":{"line":177,"column":9}},{"start":{},"end":{}}],"line":175},"18":{"loc":{"start":{"line":188,"column":12},"end":{"line":190,"column":13}},"type":"if","locations":[{"start":{"line":188,"column":12},"end":{"line":190,"column":13}},{"start":{},"end":{}}],"line":188},"19":{"loc":{"start":{"line":193,"column":12},"end":{"line":195,"column":13}},"type":"if","locations":[{"start":{"line":193,"column":12},"end":{"line":195,"column":13}},{"start":{},"end":{}}],"line":193},"20":{"loc":{"start":{"line":220,"column":4},"end":{"line":222,"column":5}},"type":"if","locations":[{"start":{"line":220,"column":4},"end":{"line":222,"column":5}},{"start":{},"end":{}}],"line":220},"21":{"loc":{"start":{"line":238,"column":2},"end":{"line":240,"column":3}},"type":"if","locations":[{"start":{"line":238,"column":2},"end":{"line":240,"column":3}},{"start":{},"end":{}}],"line":238},"22":{"loc":{"start":{"line":245,"column":2},"end":{"line":250,"column":3}},"type":"if","locations":[{"start":{"line":245,"column":2},"end":{"line":250,"column":3}},{"start":{"line":247,"column":8},"end":{"line":250,"column":3}}],"line":245},"23":{"loc":{"start":{"line":245,"column":5},"end":{"line":245,"column":86}},"type":"binary-expr","locations":[{"start":{"line":245,"column":5},"end":{"line":245,"column":43}},{"start":{"line":245,"column":47},"end":{"line":245,"column":86}}],"line":245},"24":{"loc":{"start":{"line":260,"column":2},"end":{"line":264,"column":3}},"type":"if","locations":[{"start":{"line":260,"column":2},"end":{"line":264,"column":3}},{"start":{},"end":{}}],"line":260},"25":{"loc":{"start":{"line":266,"column":2},"end":{"line":278,"column":3}},"type":"switch","locations":[{"start":{"line":267,"column":4},"end":{"line":269,"column":12}},{"start":{"line":270,"column":4},"end":{"line":272,"column":12}},{"start":{"line":273,"column":4},"end":{"line":275,"column":12}},{"start":{"line":276,"column":4},"end":{"line":277,"column":12}}],"line":266},"26":{"loc":{"start":{"line":294,"column":2},"end":{"line":296,"column":3}},"type":"if","locations":[{"start":{"line":294,"column":2},"end":{"line":296,"column":3}},{"start":{},"end":{}}],"line":294},"27":{"loc":{"start":{"line":300,"column":2},"end":{"line":302,"column":3}},"type":"if","locations":[{"start":{"line":300,"column":2},"end":{"line":302,"column":3}},{"start":{},"end":{}}],"line":300}},"s":{"0":5,"1":5,"2":5,"3":5,"4":5,"5":5,"6":5,"7":5,"8":5,"9":11,"10":11,"11":11,"12":0,"13":5,"14":2,"15":2,"16":5,"17":1,"18":1,"19":5,"20":3,"21":3,"22":3,"23":0,"24":3,"25":3,"26":3,"27":3,"28":1,"29":1,"30":3,"31":3,"32":3,"33":3,"34":2,"35":2,"36":2,"37":3,"38":5,"39":3,"40":3,"41":3,"42":3,"43":3,"44":0,"45":3,"46":3,"47":3,"48":3,"49":3,"50":3,"51":3,"52":1,"53":1,"54":1,"55":1,"56":1,"57":3,"58":1,"59":0,"60":1,"61":1,"62":3,"63":3,"64":1,"65":3,"66":2,"67":3,"68":3,"69":3,"70":0,"71":3,"72":3,"73":3,"74":6,"75":4,"76":3,"77":12,"78":8,"79":3,"80":4,"81":4,"82":6,"83":4,"84":10,"85":4,"86":3,"87":8,"88":8,"89":12,"90":8,"91":8,"92":8,"93":3,"94":0,"95":3,"96":6,"97":3,"98":0,"99":0,"100":0,"101":0,"102":0,"103":0,"104":0,"105":0,"106":0,"107":0,"108":0,"109":0,"110":0,"111":0,"112":0,"113":0,"114":0,"115":0,"116":0,"117":0,"118":0,"119":0,"120":0,"121":0,"122":0,"123":0,"124":0,"125":0,"126":0,"127":0,"128":0,"129":0,"130":0,"131":0,"132":0,"133":0,"134":0,"135":3,"136":0,"137":3,"138":3,"139":0,"140":5,"141":0,"142":0,"143":0,"144":0,"145":0,"146":0,"147":0,"148":0,"149":0,"150":0,"151":0,"152":5,"153":1,"154":1,"155":1,"156":1,"157":1,"158":1,"159":1,"160":1,"161":1,"162":1,"163":1,"164":1,"165":1,"166":0,"167":0,"168":0,"169":0,"170":0,"171":1,"172":1,"173":5,"174":5,"175":5,"176":5,"177":5,"178":0,"179":5,"180":5,"181":1,"182":4,"183":8,"184":8,"185":16,"186":16,"187":40,"188":16,"189":8,"190":4,"191":16,"192":16,"193":32,"194":32,"195":80,"196":32,"197":16,"198":4,"199":4,"200":8,"201":4,"202":4,"203":4,"204":4,"205":8,"206":4,"207":4,"208":4,"209":4,"210":8,"211":4,"212":4,"213":4,"214":4,"215":8,"216":4,"217":4,"218":0,"219":0,"220":0,"221":0,"222":4,"223":4,"224":5},"f":{"0":11,"1":2,"2":2,"3":1,"4":3,"5":3,"6":1,"7":2,"8":3,"9":0,"10":6,"11":10,"12":12,"13":8,"14":0,"15":6,"16":0,"17":0,"18":0,"19":0,"20":0,"21":0,"22":0,"23":0,"24":0,"25":0,"26":1,"27":1,"28":1,"29":1,"30":5,"31":40,"32":80,"33":8,"34":4,"35":8,"36":4,"37":8,"38":4,"39":8,"40":0,"41":0},"b":{"0":[11,0],"1":[11,11],"2":[0,3],"3":[1,2],"4":[0,3],"5":[3,0],"6":[0,3],"7":[3,0],"8":[3,0],"9":[1,2],"10":[1,2],"11":[1,2],"12":[1,2],"13":[0,1],"14":[1,0],"15":[4,2],"16":[8,4],"17":[0,0],"18":[0,0],"19":[0,0],"20":[0,3],"21":[0,0],"22":[0,0],"23":[0,0],"24":[1,0],"25":[1,0,0,0],"26":[0,5],"27":[1,4]},"_coverageSchema":"1a1c01bbd47fc00a2c39e90264f33305004495a9","hash":"5ddafb642e69223567d8155dd038e93251226f56"}
,"C:\\Users\\khmya\\Desktop\\self learn\\react\\portfolio\\lessons\\vite-project\\backend\\controllers\\taskRouter.js": {"path":"C:\\Users\\khmya\\Desktop\\self learn\\react\\portfolio\\lessons\\vite-project\\backend\\controllers\\taskRouter.js","statementMap":{"0":{"start":{"line":2,"column":19},"end":{"line":2,"column":46}},"1":{"start":{"line":5,"column":12},"end":{"line":5,"column":35}},"2":{"start":{"line":8,"column":14},"end":{"line":8,"column":40}},"3":{"start":{"line":9,"column":17},"end":{"line":9,"column":46}},"4":{"start":{"line":10,"column":14},"end":{"line":10,"column":40}},"5":{"start":{"line":13,"column":21},"end":{"line":19,"column":1}},"6":{"start":{"line":14,"column":26},"end":{"line":14,"column":54}},"7":{"start":{"line":15,"column":4},"end":{"line":17,"column":5}},"8":{"start":{"line":16,"column":6},"end":{"line":16,"column":39}},"9":{"start":{"line":18,"column":4},"end":{"line":18,"column":15}},"10":{"start":{"line":22,"column":0},"end":{"line":26,"column":3}},"11":{"start":{"line":23,"column":4},"end":{"line":25,"column":7}},"12":{"start":{"line":24,"column":8},"end":{"line":24,"column":29}},"13":{"start":{"line":29,"column":0},"end":{"line":32,"column":3}},"14":{"start":{"line":30,"column":25},"end":{"line":30,"column":109}},"15":{"start":{"line":31,"column":4},"end":{"line":31,"column":31}},"16":{"start":{"line":38,"column":0},"end":{"line":90,"column":3}},"17":{"start":{"line":40,"column":18},"end":{"line":40,"column":39}},"18":{"start":{"line":42,"column":25},"end":{"line":42,"column":62}},"19":{"start":{"line":44,"column":4},"end":{"line":46,"column":5}},"20":{"start":{"line":45,"column":6},"end":{"line":45,"column":77}},"21":{"start":{"line":48,"column":17},"end":{"line":48,"column":54}},"22":{"start":{"line":49,"column":20},"end":{"line":49,"column":65}},"23":{"start":{"line":52,"column":26},"end":{"line":52,"column":83}},"24":{"start":{"line":53,"column":24},"end":{"line":53,"column":70}},"25":{"start":{"line":56,"column":4},"end":{"line":89,"column":5}},"26":{"start":{"line":58,"column":19},"end":{"line":63,"column":10}},"27":{"start":{"line":68,"column":8},"end":{"line":71,"column":9}},"28":{"start":{"line":69,"column":12},"end":{"line":69,"column":50}},"29":{"start":{"line":70,"column":12},"end":{"line":70,"column":49}},"30":{"start":{"line":74,"column":26},"end":{"line":74,"column":43}},"31":{"start":{"line":75,"column":8},"end":{"line":75,"column":60}},"32":{"start":{"line":76,"column":8},"end":{"line":76,"column":29}},"33":{"start":{"line":79,"column":8},"end":{"line":83,"column":9}},"34":{"start":{"line":80,"column":31},"end":{"line":80,"column":57}},"35":{"start":{"line":81,"column":12},"end":{"line":81,"column":74}},"36":{"start":{"line":82,"column":12},"end":{"line":82,"column":38}},"37":{"start":{"line":85,"column":8},"end":{"line":85,"column":33}},"38":{"start":{"line":88,"column":8},"end":{"line":88,"column":84}},"39":{"start":{"line":93,"column":0},"end":{"line":162,"column":2}},"40":{"start":{"line":95,"column":25},"end":{"line":95,"column":64}},"41":{"start":{"line":98,"column":18},"end":{"line":98,"column":39}},"42":{"start":{"line":100,"column":25},"end":{"line":100,"column":62}},"43":{"start":{"line":102,"column":4},"end":{"line":104,"column":5}},"44":{"start":{"line":103,"column":6},"end":{"line":103,"column":77}},"45":{"start":{"line":106,"column":17},"end":{"line":106,"column":54}},"46":{"start":{"line":107,"column":20},"end":{"line":107,"column":65}},"47":{"start":{"line":110,"column":26},"end":{"line":110,"column":83}},"48":{"start":{"line":111,"column":24},"end":{"line":111,"column":70}},"49":{"start":{"line":113,"column":4},"end":{"line":154,"column":5}},"50":{"start":{"line":115,"column":8},"end":{"line":115,"column":85}},"51":{"start":{"line":116,"column":8},"end":{"line":116,"column":113}},"52":{"start":{"line":117,"column":8},"end":{"line":117,"column":97}},"53":{"start":{"line":120,"column":8},"end":{"line":148,"column":9}},"54":{"start":{"line":122,"column":25},"end":{"line":122,"column":27}},"55":{"start":{"line":123,"column":29},"end":{"line":123,"column":78}},"56":{"start":{"line":123,"column":65},"end":{"line":123,"column":77}},"57":{"start":{"line":124,"column":29},"end":{"line":124,"column":78}},"58":{"start":{"line":124,"column":65},"end":{"line":124,"column":77}},"59":{"start":{"line":125,"column":12},"end":{"line":129,"column":13}},"60":{"start":{"line":126,"column":16},"end":{"line":128,"column":17}},"61":{"start":{"line":127,"column":20},"end":{"line":127,"column":49}},"62":{"start":{"line":130,"column":12},"end":{"line":134,"column":13}},"63":{"start":{"line":131,"column":16},"end":{"line":133,"column":17}},"64":{"start":{"line":132,"column":20},"end":{"line":132,"column":49}},"65":{"start":{"line":135,"column":12},"end":{"line":147,"column":13}},"66":{"start":{"line":136,"column":37},"end":{"line":136,"column":65}},"67":{"start":{"line":138,"column":16},"end":{"line":146,"column":17}},"68":{"start":{"line":139,"column":24},"end":{"line":139,"column":124}},"69":{"start":{"line":139,"column":81},"end":{"line":139,"column":122}},"70":{"start":{"line":140,"column":24},"end":{"line":140,"column":130}},"71":{"start":{"line":140,"column":87},"end":{"line":140,"column":128}},"72":{"start":{"line":141,"column":24},"end":{"line":141,"column":50}},"73":{"start":{"line":143,"column":24},"end":{"line":143,"column":88}},"74":{"start":{"line":144,"column":24},"end":{"line":144,"column":94}},"75":{"start":{"line":145,"column":24},"end":{"line":145,"column":50}},"76":{"start":{"line":150,"column":8},"end":{"line":153,"column":9}},"77":{"start":{"line":152,"column":12},"end":{"line":152,"column":92}},"78":{"start":{"line":156,"column":4},"end":{"line":156,"column":88}},"79":{"start":{"line":157,"column":4},"end":{"line":159,"column":5}},"80":{"start":{"line":158,"column":8},"end":{"line":158,"column":44}},"81":{"start":{"line":160,"column":22},"end":{"line":160,"column":47}},"82":{"start":{"line":161,"column":4},"end":{"line":161,"column":29}},"83":{"start":{"line":168,"column":0},"end":{"line":212,"column":2}},"84":{"start":{"line":169,"column":4},"end":{"line":169,"column":56}},"85":{"start":{"line":170,"column":25},"end":{"line":170,"column":64}},"86":{"start":{"line":173,"column":18},"end":{"line":173,"column":39}},"87":{"start":{"line":174,"column":4},"end":{"line":174,"column":30}},"88":{"start":{"line":176,"column":25},"end":{"line":176,"column":62}},"89":{"start":{"line":178,"column":4},"end":{"line":180,"column":5}},"90":{"start":{"line":179,"column":6},"end":{"line":179,"column":77}},"91":{"start":{"line":182,"column":17},"end":{"line":182,"column":54}},"92":{"start":{"line":183,"column":20},"end":{"line":183,"column":65}},"93":{"start":{"line":186,"column":26},"end":{"line":186,"column":83}},"94":{"start":{"line":187,"column":24},"end":{"line":187,"column":70}},"95":{"start":{"line":189,"column":4},"end":{"line":189,"column":30}},"96":{"start":{"line":191,"column":4},"end":{"line":211,"column":5}},"97":{"start":{"line":192,"column":8},"end":{"line":192,"column":34}},"98":{"start":{"line":193,"column":8},"end":{"line":195,"column":9}},"99":{"start":{"line":194,"column":12},"end":{"line":194,"column":60}},"100":{"start":{"line":196,"column":8},"end":{"line":196,"column":29}},"101":{"start":{"line":198,"column":8},"end":{"line":198,"column":34}},"102":{"start":{"line":199,"column":25},"end":{"line":199,"column":66}},"103":{"start":{"line":199,"column":61},"end":{"line":199,"column":65}},"104":{"start":{"line":200,"column":8},"end":{"line":204,"column":9}},"105":{"start":{"line":201,"column":33},"end":{"line":201,"column":59}},"106":{"start":{"line":202,"column":12},"end":{"line":202,"column":94}},"107":{"start":{"line":202,"column":69},"end":{"line":202,"column":92}},"108":{"start":{"line":203,"column":12},"end":{"line":203,"column":38}},"109":{"start":{"line":205,"column":28},"end":{"line":205,"column":55}},"110":{"start":{"line":207,"column":8},"end":{"line":207,"column":35}},"111":{"start":{"line":210,"column":8},"end":{"line":210,"column":84}},"112":{"start":{"line":214,"column":0},"end":{"line":214,"column":28}}},"fnMap":{"0":{"name":"(anonymous_0)","decl":{"start":{"line":13,"column":21},"end":{"line":13,"column":22}},"loc":{"start":{"line":13,"column":32},"end":{"line":19,"column":1}},"line":13},"1":{"name":"(anonymous_1)","decl":{"start":{"line":22,"column":20},"end":{"line":22,"column":21}},"loc":{"start":{"line":22,"column":43},"end":{"line":26,"column":1}},"line":22},"2":{"name":"(anonymous_2)","decl":{"start":{"line":23,"column":24},"end":{"line":23,"column":25}},"loc":{"start":{"line":23,"column":35},"end":{"line":25,"column":5}},"line":23},"3":{"name":"(anonymous_3)","decl":{"start":{"line":29,"column":23},"end":{"line":29,"column":24}},"loc":{"start":{"line":29,"column":52},"end":{"line":32,"column":1}},"line":29},"4":{"name":"(anonymous_4)","decl":{"start":{"line":38,"column":21},"end":{"line":38,"column":22}},"loc":{"start":{"line":38,"column":50},"end":{"line":90,"column":1}},"line":38},"5":{"name":"(anonymous_5)","decl":{"start":{"line":93,"column":23},"end":{"line":93,"column":24}},"loc":{"start":{"line":93,"column":51},"end":{"line":162,"column":1}},"line":93},"6":{"name":"(anonymous_6)","decl":{"start":{"line":123,"column":55},"end":{"line":123,"column":56}},"loc":{"start":{"line":123,"column":65},"end":{"line":123,"column":77}},"line":123},"7":{"name":"(anonymous_7)","decl":{"start":{"line":124,"column":55},"end":{"line":124,"column":56}},"loc":{"start":{"line":124,"column":65},"end":{"line":124,"column":77}},"line":124},"8":{"name":"(anonymous_8)","decl":{"start":{"line":139,"column":71},"end":{"line":139,"column":72}},"loc":{"start":{"line":139,"column":81},"end":{"line":139,"column":122}},"line":139},"9":{"name":"(anonymous_9)","decl":{"start":{"line":140,"column":77},"end":{"line":140,"column":78}},"loc":{"start":{"line":140,"column":87},"end":{"line":140,"column":128}},"line":140},"10":{"name":"(anonymous_10)","decl":{"start":{"line":168,"column":26},"end":{"line":168,"column":27}},"loc":{"start":{"line":168,"column":55},"end":{"line":212,"column":1}},"line":168},"11":{"name":"(anonymous_11)","decl":{"start":{"line":193,"column":51},"end":{"line":193,"column":52}},"loc":{"start":{"line":194,"column":12},"end":{"line":194,"column":60}},"line":194},"12":{"name":"(anonymous_12)","decl":{"start":{"line":199,"column":51},"end":{"line":199,"column":52}},"loc":{"start":{"line":199,"column":61},"end":{"line":199,"column":65}},"line":199},"13":{"name":"(anonymous_13)","decl":{"start":{"line":202,"column":59},"end":{"line":202,"column":60}},"loc":{"start":{"line":202,"column":69},"end":{"line":202,"column":92}},"line":202}},"branchMap":{"0":{"loc":{"start":{"line":15,"column":4},"end":{"line":17,"column":5}},"type":"if","locations":[{"start":{"line":15,"column":4},"end":{"line":17,"column":5}},{"start":{},"end":{}}],"line":15},"1":{"loc":{"start":{"line":15,"column":8},"end":{"line":15,"column":74}},"type":"binary-expr","locations":[{"start":{"line":15,"column":8},"end":{"line":15,"column":21}},{"start":{"line":15,"column":25},"end":{"line":15,"column":74}}],"line":15},"2":{"loc":{"start":{"line":44,"column":4},"end":{"line":46,"column":5}},"type":"if","locations":[{"start":{"line":44,"column":4},"end":{"line":46,"column":5}},{"start":{},"end":{}}],"line":44},"3":{"loc":{"start":{"line":52,"column":26},"end":{"line":52,"column":83}},"type":"cond-expr","locations":[{"start":{"line":52,"column":72},"end":{"line":52,"column":76}},{"start":{"line":52,"column":78},"end":{"line":52,"column":83}}],"line":52},"4":{"loc":{"start":{"line":53,"column":24},"end":{"line":53,"column":70}},"type":"cond-expr","locations":[{"start":{"line":53,"column":59},"end":{"line":53,"column":63}},{"start":{"line":53,"column":65},"end":{"line":53,"column":70}}],"line":53},"5":{"loc":{"start":{"line":56,"column":4},"end":{"line":89,"column":5}},"type":"if","locations":[{"start":{"line":56,"column":4},"end":{"line":89,"column":5}},{"start":{"line":86,"column":10},"end":{"line":89,"column":5}}],"line":56},"6":{"loc":{"start":{"line":56,"column":7},"end":{"line":56,"column":35}},"type":"binary-expr","locations":[{"start":{"line":56,"column":7},"end":{"line":56,"column":20}},{"start":{"line":56,"column":24},"end":{"line":56,"column":35}}],"line":56},"7":{"loc":{"start":{"line":68,"column":8},"end":{"line":71,"column":9}},"type":"if","locations":[{"start":{"line":68,"column":8},"end":{"line":71,"column":9}},{"start":{},"end":{}}],"line":68},"8":{"loc":{"start":{"line":102,"column":4},"end":{"line":104,"column":5}},"type":"if","locations":[{"start":{"line":102,"column":4},"end":{"line":104,"column":5}},{"start":{},"end":{}}],"line":102},"9":{"loc":{"start":{"line":110,"column":26},"end":{"line":110,"column":83}},"type":"cond-expr","locations":[{"start":{"line":110,"column":72},"end":{"line":110,"column":76}},{"start":{"line":110,"column":78},"end":{"line":110,"column":83}}],"line":110},"10":{"loc":{"start":{"line":111,"column":24},"end":{"line":111,"column":70}},"type":"cond-expr","locations":[{"start":{"line":111,"column":59},"end":{"line":111,"column":63}},{"start":{"line":111,"column":65},"end":{"line":111,"column":70}}],"line":111},"11":{"loc":{"start":{"line":113,"column":4},"end":{"line":154,"column":5}},"type":"if","locations":[{"start":{"line":113,"column":4},"end":{"line":154,"column":5}},{"start":{"line":149,"column":10},"end":{"line":154,"column":5}}],"line":113},"12":{"loc":{"start":{"line":113,"column":7},"end":{"line":113,"column":35}},"type":"binary-expr","locations":[{"start":{"line":113,"column":7},"end":{"line":113,"column":20}},{"start":{"line":113,"column":24},"end":{"line":113,"column":35}}],"line":113},"13":{"loc":{"start":{"line":115,"column":28},"end":{"line":115,"column":84}},"type":"cond-expr","locations":[{"start":{"line":115,"column":47},"end":{"line":115,"column":64}},{"start":{"line":115,"column":67},"end":{"line":115,"column":84}}],"line":115},"14":{"loc":{"start":{"line":116,"column":35},"end":{"line":116,"column":112}},"type":"cond-expr","locations":[{"start":{"line":116,"column":61},"end":{"line":116,"column":85}},{"start":{"line":116,"column":88},"end":{"line":116,"column":112}}],"line":116},"15":{"loc":{"start":{"line":117,"column":31},"end":{"line":117,"column":96}},"type":"cond-expr","locations":[{"start":{"line":117,"column":53},"end":{"line":117,"column":73}},{"start":{"line":117,"column":76},"end":{"line":117,"column":96}}],"line":117},"16":{"loc":{"start":{"line":120,"column":8},"end":{"line":148,"column":9}},"type":"if","locations":[{"start":{"line":120,"column":8},"end":{"line":148,"column":9}},{"start":{},"end":{}}],"line":120},"17":{"loc":{"start":{"line":126,"column":16},"end":{"line":128,"column":17}},"type":"if","locations":[{"start":{"line":126,"column":16},"end":{"line":128,"column":17}},{"start":{},"end":{}}],"line":126},"18":{"loc":{"start":{"line":131,"column":16},"end":{"line":133,"column":17}},"type":"if","locations":[{"start":{"line":131,"column":16},"end":{"line":133,"column":17}},{"start":{},"end":{}}],"line":131},"19":{"loc":{"start":{"line":138,"column":16},"end":{"line":146,"column":17}},"type":"if","locations":[{"start":{"line":138,"column":16},"end":{"line":146,"column":17}},{"start":{"line":142,"column":23},"end":{"line":146,"column":17}}],"line":138},"20":{"loc":{"start":{"line":150,"column":8},"end":{"line":153,"column":9}},"type":"if","locations":[{"start":{"line":150,"column":8},"end":{"line":153,"column":9}},{"start":{},"end":{}}],"line":150},"21":{"loc":{"start":{"line":150,"column":11},"end":{"line":150,"column":105}},"type":"binary-expr","locations":[{"start":{"line":150,"column":11},"end":{"line":150,"column":28}},{"start":{"line":150,"column":32},"end":{"line":150,"column":56}},{"start":{"line":150,"column":60},"end":{"line":150,"column":80}},{"start":{"line":150,"column":84},"end":{"line":150,"column":105}}],"line":150},"22":{"loc":{"start":{"line":156,"column":26},"end":{"line":156,"column":87}},"type":"cond-expr","locations":[{"start":{"line":156,"column":47},"end":{"line":156,"column":66}},{"start":{"line":156,"column":68},"end":{"line":156,"column":87}}],"line":156},"23":{"loc":{"start":{"line":157,"column":4},"end":{"line":159,"column":5}},"type":"if","locations":[{"start":{"line":157,"column":4},"end":{"line":159,"column":5}},{"start":{},"end":{}}],"line":157},"24":{"loc":{"start":{"line":178,"column":4},"end":{"line":180,"column":5}},"type":"if","locations":[{"start":{"line":178,"column":4},"end":{"line":180,"column":5}},{"start":{},"end":{}}],"line":178},"25":{"loc":{"start":{"line":186,"column":26},"end":{"line":186,"column":83}},"type":"cond-expr","locations":[{"start":{"line":186,"column":72},"end":{"line":186,"column":76}},{"start":{"line":186,"column":78},"end":{"line":186,"column":83}}],"line":186},"26":{"loc":{"start":{"line":187,"column":24},"end":{"line":187,"column":70}},"type":"cond-expr","locations":[{"start":{"line":187,"column":59},"end":{"line":187,"column":63}},{"start":{"line":187,"column":65},"end":{"line":187,"column":70}}],"line":187},"27":{"loc":{"start":{"line":191,"column":4},"end":{"line":211,"column":5}},"type":"if","locations":[{"start":{"line":191,"column":4},"end":{"line":211,"column":5}},{"start":{"line":208,"column":10},"end":{"line":211,"column":5}}],"line":191},"28":{"loc":{"start":{"line":191,"column":7},"end":{"line":191,"column":35}},"type":"binary-expr","locations":[{"start":{"line":191,"column":7},"end":{"line":191,"column":20}},{"start":{"line":191,"column":24},"end":{"line":191,"column":35}}],"line":191}},"s":{"0":5,"1":5,"2":5,"3":5,"4":5,"5":5,"6":8,"7":8,"8":8,"9":0,"10":5,"11":2,"12":2,"13":5,"14":1,"15":1,"16":5,"17":3,"18":3,"19":3,"20":0,"21":3,"22":3,"23":3,"24":3,"25":3,"26":3,"27":3,"28":0,"29":0,"30":3,"31":3,"32":3,"33":3,"34":0,"35":0,"36":0,"37":0,"38":0,"39":5,"40":3,"41":3,"42":3,"43":3,"44":0,"45":3,"46":3,"47":3,"48":3,"49":3,"50":3,"51":3,"52":3,"53":3,"54":1,"55":1,"56":2,"57":1,"58":4,"59":1,"60":2,"61":0,"62":1,"63":4,"64":2,"65":1,"66":2,"67":2,"68":0,"69":0,"70":0,"71":0,"72":0,"73":2,"74":2,"75":2,"76":0,"77":0,"78":3,"79":3,"80":3,"81":3,"82":2,"83":5,"84":2,"85":2,"86":2,"87":2,"88":2,"89":2,"90":0,"91":2,"92":2,"93":2,"94":2,"95":2,"96":2,"97":2,"98":2,"99":4,"100":2,"101":2,"102":2,"103":4,"104":2,"105":4,"106":4,"107":12,"108":4,"109":2,"110":2,"111":0,"112":5},"f":{"0":8,"1":2,"2":2,"3":1,"4":3,"5":3,"6":2,"7":4,"8":0,"9":0,"10":2,"11":4,"12":4,"13":12},"b":{"0":[8,0],"1":[8,8],"2":[0,3],"3":[0,3],"4":[3,0],"5":[3,0],"6":[3,3],"7":[0,3],"8":[0,3],"9":[0,3],"10":[3,0],"11":[3,0],"12":[3,3],"13":[2,1],"14":[1,2],"15":[0,3],"16":[1,2],"17":[0,2],"18":[2,2],"19":[0,2],"20":[0,0],"21":[0,0,0,0],"22":[1,2],"23":[3,0],"24":[0,2],"25":[0,2],"26":[2,0],"27":[2,0],"28":[2,2]},"_coverageSchema":"1a1c01bbd47fc00a2c39e90264f33305004495a9","hash":"e5532e4531588eae0ed347b3e32faf07db0f21b8"}
,"C:\\Users\\khmya\\Desktop\\self learn\\react\\portfolio\\lessons\\vite-project\\backend\\controllers\\userRouter.js": {"path":"C:\\Users\\khmya\\Desktop\\self learn\\react\\portfolio\\lessons\\vite-project\\backend\\controllers\\userRouter.js","statementMap":{"0":{"start":{"line":2,"column":19},"end":{"line":2,"column":46}},"1":{"start":{"line":5,"column":15},"end":{"line":5,"column":32}},"2":{"start":{"line":8,"column":33},"end":{"line":8,"column":65}},"3":{"start":{"line":9,"column":32},"end":{"line":9,"column":63}},"4":{"start":{"line":10,"column":66},"end":{"line":10,"column":98}},"5":{"start":{"line":13,"column":17},"end":{"line":13,"column":46}},"6":{"start":{"line":14,"column":14},"end":{"line":14,"column":40}},"7":{"start":{"line":15,"column":14},"end":{"line":15,"column":40}},"8":{"start":{"line":16,"column":13},"end":{"line":16,"column":38}},"9":{"start":{"line":19,"column":0},"end":{"line":26,"column":2}},"10":{"start":{"line":20,"column":2},"end":{"line":25,"column":3}},"11":{"start":{"line":21,"column":21},"end":{"line":21,"column":41}},"12":{"start":{"line":22,"column":4},"end":{"line":22,"column":28}},"13":{"start":{"line":24,"column":4},"end":{"line":24,"column":20}},"14":{"start":{"line":29,"column":0},"end":{"line":35,"column":2}},"15":{"start":{"line":30,"column":23},"end":{"line":33,"column":78}},"16":{"start":{"line":34,"column":2},"end":{"line":34,"column":29}},"17":{"start":{"line":39,"column":0},"end":{"line":50,"column":3}},"18":{"start":{"line":41,"column":23},"end":{"line":41,"column":25}},"19":{"start":{"line":42,"column":25},"end":{"line":42,"column":77}},"20":{"start":{"line":45,"column":17},"end":{"line":45,"column":114}},"21":{"start":{"line":48,"column":22},"end":{"line":48,"column":39}},"22":{"start":{"line":49,"column":4},"end":{"line":49,"column":29}},"23":{"start":{"line":54,"column":0},"end":{"line":120,"column":3}},"24":{"start":{"line":55,"column":15},"end":{"line":55,"column":54}},"25":{"start":{"line":56,"column":2},"end":{"line":56,"column":62}},"26":{"start":{"line":57,"column":2},"end":{"line":57,"column":78}},"27":{"start":{"line":60,"column":2},"end":{"line":65,"column":3}},"28":{"start":{"line":61,"column":25},"end":{"line":61,"column":69}},"29":{"start":{"line":62,"column":4},"end":{"line":62,"column":110}},"30":{"start":{"line":62,"column":71},"end":{"line":62,"column":108}},"31":{"start":{"line":63,"column":4},"end":{"line":63,"column":30}},"32":{"start":{"line":64,"column":4},"end":{"line":64,"column":88}},"33":{"start":{"line":64,"column":45},"end":{"line":64,"column":86}},"34":{"start":{"line":68,"column":2},"end":{"line":73,"column":3}},"35":{"start":{"line":69,"column":24},"end":{"line":69,"column":66}},"36":{"start":{"line":70,"column":4},"end":{"line":70,"column":106}},"37":{"start":{"line":70,"column":68},"end":{"line":70,"column":104}},"38":{"start":{"line":71,"column":4},"end":{"line":71,"column":29}},"39":{"start":{"line":72,"column":4},"end":{"line":72,"column":83}},"40":{"start":{"line":72,"column":42},"end":{"line":72,"column":81}},"41":{"start":{"line":76,"column":2},"end":{"line":92,"column":3}},"42":{"start":{"line":77,"column":28},"end":{"line":77,"column":78}},"43":{"start":{"line":78,"column":4},"end":{"line":78,"column":126}},"44":{"start":{"line":78,"column":84},"end":{"line":78,"column":124}},"45":{"start":{"line":79,"column":4},"end":{"line":79,"column":118}},"46":{"start":{"line":79,"column":76},"end":{"line":79,"column":116}},"47":{"start":{"line":80,"column":4},"end":{"line":80,"column":120}},"48":{"start":{"line":80,"column":78},"end":{"line":80,"column":118}},"49":{"start":{"line":83,"column":40},"end":{"line":83,"column":117}},"50":{"start":{"line":83,"column":84},"end":{"line":83,"column":116}},"51":{"start":{"line":84,"column":39},"end":{"line":84,"column":112}},"52":{"start":{"line":84,"column":81},"end":{"line":84,"column":111}},"53":{"start":{"line":85,"column":4},"end":{"line":85,"column":64}},"54":{"start":{"line":86,"column":4},"end":{"line":86,"column":62}},"55":{"start":{"line":87,"column":4},"end":{"line":87,"column":66}},"56":{"start":{"line":88,"column":4},"end":{"line":88,"column":64}},"57":{"start":{"line":89,"column":4},"end":{"line":89,"column":117}},"58":{"start":{"line":89,"column":61},"end":{"line":89,"column":115}},"59":{"start":{"line":91,"column":4},"end":{"line":91,"column":33}},"60":{"start":{"line":94,"column":2},"end":{"line":105,"column":3}},"61":{"start":{"line":95,"column":4},"end":{"line":104,"column":5}},"62":{"start":{"line":96,"column":34},"end":{"line":96,"column":84}},"63":{"start":{"line":97,"column":6},"end":{"line":97,"column":130}},"64":{"start":{"line":97,"column":88},"end":{"line":97,"column":128}},"65":{"start":{"line":98,"column":6},"end":{"line":98,"column":135}},"66":{"start":{"line":98,"column":75},"end":{"line":98,"column":133}},"67":{"start":{"line":99,"column":6},"end":{"line":99,"column":87}},"68":{"start":{"line":100,"column":6},"end":{"line":100,"column":68}},"69":{"start":{"line":101,"column":6},"end":{"line":101,"column":39}},"70":{"st
[...]
,"C:\\Users\\khmya\\Desktop\\self learn\\react\\portfolio\\lessons\\vite-project\\backend\\helpers\\bugHelper.js": {"path":"C:\\Users\\khmya\\Desktop\\self learn\\react\\portfolio\\lessons\\vite-project\\backend\\helpers\\bugHelper.js","statementMap":{"0":{"start":{"line":2,"column":14},"end":{"line":2,"column":40}},"1":{"start":{"line":3,"column":17},"end":{"line":3,"column":46}},"2":{"start":{"line":4,"column":14},"end":{"line":4,"column":40}},"3":{"start":{"line":5,"column":13},"end":{"line":5,"column":38}},"4":{"start":{"line":7,"column":28},"end":{"line":13,"column":1}},"5":{"start":{"line":8,"column":4},"end":{"line":12,"column":6}},"6":{"start":{"line":9,"column":28},"end":{"line":9,"column":52}},"7":{"start":{"line":10,"column":8},"end":{"line":10,"column":108}},"8":{"start":{"line":10,"column":72},"end":{"line":10,"column":106}},"9":{"start":{"line":11,"column":8},"end":{"line":11,"column":33}},"10":{"start":{"line":15,"column":0},"end":{"line":15,"column":39}}},"fnMap":{"0":{"name":"(anonymous_0)","decl":{"start":{"line":7,"column":28},"end":{"line":7,"column":29}},"loc":{"start":{"line":7,"column":51},"end":{"line":13,"column":1}},"line":7},"1":{"name":"(anonymous_1)","decl":{"start":{"line":8,"column":17},"end":{"line":8,"column":18}},"loc":{"start":{"line":8,"column":32},"end":{"line":12,"column":5}},"line":8},"2":{"name":"(anonymous_2)","decl":{"start":{"line":10,"column":59},"end":{"line":10,"column":60}},"loc":{"start":{"line":10,"column":72},"end":{"line":10,"column":106}},"line":10}},"branchMap":{},"s":{"0":5,"1":5,"2":5,"3":5,"4":5,"5":1,"6":4,"7":4,"8":8,"9":4,"10":5},"f":{"0":1,"1":4,"2":8},"b":{},"_coverageSchema":"1a1c01bbd47fc00a2c39e90264f33305004495a9","hash":"4ff61a3a89451db414f1d13c5ad8d5d4cff4423c"}
,"C:\\Users\\khmya\\Desktop\\self learn\\react\\portfolio\\lessons\\vite-project\\backend\\helpers\\projecthelper.js": {"path":"C:\\Users\\khmya\\Desktop\\self learn\\react\\portfolio\\lessons\\vite-project\\backend\\helpers\\projecthelper.js","statementMap":{"0":{"start":{"line":2,"column":20},"end":{"line":7,"column":1}},"1":{"start":{"line":3,"column":4},"end":{"line":5,"column":5}},"2":{"start":{"line":4,"column":8},"end":{"line":4,"column":20}},"3":{"start":{"line":6,"column":4},"end":{"line":6,"column":17}},"4":{"start":{"line":10,"column":22},"end":{"line":15,"column":1}},"5":{"start":{"line":11,"column":4},"end":{"line":13,"column":5}},"6":{"start":{"line":12,"column":8},"end":{"line":12,"column":20}},"7":{"start":{"line":14,"column":4},"end":{"line":14,"column":17}},"8":{"start":{"line":18,"column":24},"end":{"line":23,"column":1}},"9":{"start":{"line":19,"column":4},"end":{"line":21,"column":5}},"10":{"start":{"line":20,"column":8},"end":{"line":20,"column":20}},"11":{"start":{"line":22,"column":4},"end":{"line":22,"column":17}},"12":{"start":{"line":26,"column":21},"end":{"line":31,"column":1}},"13":{"start":{"line":27,"column":4},"end":{"line":29,"column":5}},"14":{"start":{"line":28,"column":8},"end":{"line":28,"column":20}},"15":{"start":{"line":30,"column":4},"end":{"line":30,"column":17}},"16":{"start":{"line":34,"column":22},"end":{"line":39,"column":1}},"17":{"start":{"line":35,"column":4},"end":{"line":37,"column":5}},"18":{"start":{"line":36,"column":8},"end":{"line":36,"column":20}},"19":{"start":{"line":38,"column":4},"end":{"line":38,"column":17}},"20":{"start":{"line":43,"column":22},"end":{"line":50,"column":1}},"21":{"start":{"line":44,"column":4},"end":{"line":48,"column":5}},"22":{"start":{"line":45,"column":8},"end":{"line":47,"column":9}},"23":{"start":{"line":46,"column":12},"end":{"line":46,"column":24}},"24":{"start":{"line":49,"column":4},"end":{"line":49,"column":17}},"25":{"start":{"line":53,"column":24},"end":{"line":58,"column":1}},"26":{"start":{"line":54,"column":4},"end":{"line":56,"column":5}},"27":{"start":{"line":55,"column":8},"end":{"line":55,"column":20}},"28":{"start":{"line":57,"column":4},"end":{"line":57,"column":17}},"29":{"start":{"line":61,"column":0},"end":{"line":61,"column":124}}},"fnMap":{"0":{"name":"(anonymous_0)","decl":{"start":{"line":2,"column":20},"end":{"line":2,"column":21}},"loc":{"start":{"line":2,"column":41},"end":{"line":7,"column":1}},"line":2},"1":{"name":"(anonymous_1)","decl":{"start":{"line":10,"column":22},"end":{"line":10,"column":23}},"loc":{"start":{"line":10,"column":43},"end":{"line":15,"column":1}},"line":10},"2":{"name":"(anonymous_2)","decl":{"start":{"line":18,"column":24},"end":{"line":18,"column":25}},"loc":{"start":{"line":18,"column":45},"end":{"line":23,"column":1}},"line":18},"3":{"name":"(anonymous_3)","decl":{"start":{"line":26,"column":21},"end":{"line":26,"column":22}},"loc":{"start":{"line":26,"column":42},"end":{"line":31,"column":1}},"line":26},"4":{"name":"(anonymous_4)","decl":{"start":{"line":34,"column":22},"end":{"line":34,"column":23}},"loc":{"start":{"line":34,"column":43},"end":{"line":39,"column":1}},"line":34},"5":{"name":"(anonymous_5)","decl":{"start":{"line":43,"column":22},"end":{"line":43,"column":23}},"loc":{"start":{"line":43,"column":55},"end":{"line":50,"column":1}},"line":43},"6":{"name":"(anonymous_6)","decl":{"start":{"line":53,"column":24},"end":{"line":53,"column":25}},"loc":{"start":{"line":53,"column":57},"end":{"line":58,"column":1}},"line":53}},"branchMap":{"0":{"loc":{"start":{"line":3,"column":4},"end":{"line":5,"column":5}},"type":"if","locations":[{"start":{"line":3,"column":4},"end":{"line":5,"column":5}},{"start":{},"end":{}}],"line":3},"1":{"loc":{"start":{"line":11,"column":4},"end":{"line":13,"column":5}},"type":"if","locations":[{"start":{"line":11,"column":4},"end":{"line":13,"column":5}},{"start":{},"end":{}}],"line":11},"2":{"loc":{"start":{"line":19,"column":4},"end":{"line":21,"column":5}},"type":"if","locations":[{"start":{"line":19,"column":4},"end":{"line":21,"column":5}},{"start":{},"end":{}}],"line":19},"3":{"loc":{"start":{"line":27,"column":4},"end":{"line":29,"column":5}},"type":"if","locations":[{"start":{"line":27,"column":4},"end":{"line":29,"column":5}},{"start":{},"end":{}}],"line":27},"4":{"loc":{"start":{"line":35,"column":4},"end":{"line":37,"column":5}},"type":"if","locations":[{"start":{"line":35,"column":4},"end":{"line":37,"column":5}},{"start":{},"end":{}}],"line":35},"5":{"loc":{"start":{"line":45,"column":8},"end":{"line":47,"column":9}},"type":"if","locations":[{"start":{"line":45,"column":8},"end":{"line":47,"column":9}},{"start":{},"end":{}}],"line":45},"6":{"loc":{"start":{"line":54,"column":4},"end":{"line":56,"column":5}},"type":"if","locations":[{"start":{"line":54,"column":4},"end":{"line":56,"column":5}},{"start":{},"end":{}}],"line":54}},"s":{"0":5,"1":0,"2":0,"3":0,"4":5,"5":5,"6":4,"7":1,"8":5,"9":0,"10":0,"11":0,"12":5,"13":0,"14":0,"15":0,"16":5,"17":0,"18":0,"19":0,"20":5,"21":0,"22":0,"23":0,"24":0,"25":5,"26":0,"27":0,"28":0,"29":5},"f":{"0":0,"1":5,"2":0,"3":0,"4":0,"5":0,"6":0},"b":{"0":[0,0],"1":[4,1],"2":[0,0],"3":[0,0],"4":[0,0],"5":[0,0],"6":[0,0]},"_coverageSchema":"1a1c01bbd47fc00a2c39e90264f33305004495a9","hash":"0c4e84565b99c231104dac4cbac362eb5086ecd3"}
,"C:\\Users\\khmya\\Desktop\\self learn\\react\\portfolio\\lessons\\vite-project\\backend\\helpers\\taskHelper.js": {"path":"C:\\Users\\khmya\\Desktop\\self learn\\react\\portfolio\\lessons\\vite-project\\backend\\helpers\\taskHelper.js","statementMap":{"0":{"start":{"line":2,"column":14},"end":{"line":2,"column":40}},"1":{"start":{"line":3,"column":17},"end":{"line":3,"column":46}},"2":{"start":{"line":4,"column":14},"end":{"line":4,"column":40}},"3":{"start":{"line":5,"column":13},"end":{"line":5,"column":38}},"4":{"start":{"line":7,"column":29},"end":{"line":13,"column":1}},"5":{"start":{"line":8,"column":4},"end":{"line":12,"column":6}},"6":{"start":{"line":9,"column":29},"end":{"line":9,"column":55}},"7":{"start":{"line":10,"column":8},"end":{"line":10,"column":112}},"8":{"start":{"line":10,"column":75},"end":{"line":10,"column":110}},"9":{"start":{"line":11,"column":8},"end":{"line":11,"column":34}},"10":{"start":{"line":15,"column":0},"end":{"line":15,"column":40}}},"fnMap":{"0":{"name":"(anonymous_0)","decl":{"start":{"line":7,"column":29},"end":{"line":7,"column":30}},"loc":{"start":{"line":7,"column":53},"end":{"line":13,"column":1}},"line":7},"1":{"name":"(anonymous_1)","decl":{"start":{"line":8,"column":18},"end":{"line":8,"column":19}},"loc":{"start":{"line":8,"column":34},"end":{"line":12,"column":5}},"line":8},"2":{"name":"(anonymous_2)","decl":{"start":{"line":10,"column":61},"end":{"line":10,"column":62}},"loc":{"start":{"line":10,"column":75},"end":{"line":10,"column":110}},"line":10}},"branchMap":{},"s":{"0":5,"1":5,"2":5,"3":5,"4":5,"5":1,"6":2,"7":2,"8":4,"9":2,"10":5},"f":{"0":1,"1":2,"2":4},"b":{},"_coverageSchema":"1a1c01bbd47fc00a2c39e90264f33305004495a9","hash":"547bbe627f57b354c2b48a2733e79b373595c737"}
,"C:\\Users\\khmya\\Desktop\\self learn\\react\\portfolio\\lessons\\vite-project\\backend\\helpers\\userHelper.js": {"path":"C:\\Users\\khmya\\Desktop\\self learn\\react\\portfolio\\lessons\\vite-project\\backend\\helpers\\userHelper.js","statementMap":{"0":{"start":{"line":2,"column":14},"end":{"line":2,"column":40}},"1":{"start":{"line":3,"column":17},"end":{"line":3,"column":46}},"2":{"start":{"line":4,"column":14},"end":{"line":4,"column":40}},"3":{"start":{"line":5,"column":13},"end":{"line":5,"column":38}},"4":{"start":{"line":8,"column":35},"end":{"line":10,"column":1}},"5":{"start":{"line":9,"column":4},"end":{"line":9,"column":73}},"6":{"start":{"line":9,"column":45},"end":{"line":9,"column":71}},"7":{"start":{"line":13,"column":34},"end":{"line":15,"column":1}},"8":{"start":{"line":14,"column":4},"end":{"line":14,"column":68}},"9":{"start":{"line":14,"column":42},"end":{"line":14,"column":66}},"10":{"start":{"line":18,"column":0},"end":{"line":18,"column":73}}},"fnMap":{"0":{"name":"(anonymous_0)","decl":{"start":{"line":8,"column":35},"end":{"line":8,"column":36}},"loc":{"start":{"line":8,"column":63},"end":{"line":10,"column":1}},"line":8},"1":{"name":"(anonymous_1)","decl":{"start":{"line":9,"column":35},"end":{"line":9,"column":36}},"loc":{"start":{"line":9,"column":45},"end":{"line":9,"column":71}},"line":9},"2":{"name":"(anonymous_2)","decl":{"start":{"line":13,"column":34},"end":{"line":13,"column":35}},"loc":{"start":{"line":13,"column":61},"end":{"line":15,"column":1}},"line":13},"3":{"name":"(anonymous_3)","decl":{"start":{"line":14,"column":33},"end":{"line":14,"column":34}},"loc":{"start":{"line":14,"column":42},"end":{"line":14,"column":66}},"line":14}},"branchMap":{},"s":{"0":5,"1":5,"2":5,"3":5,"4":5,"5":1,"6":2,"7":5,"8":1,"9":4,"10":5},"f":{"0":1,"1":2,"2":1,"3":4},"b":{},"_coverageSchema":"1a1c01bbd47fc00a2c39e90264f33305004495a9","hash":"2c384d07923e9d1f1a8176bd488d506a9bb1d776"}
,"C:\\Users\\khmya\\Desktop\\self learn\\react\\portfolio\\lessons\\vite-project\\backend\\models\\bugs.js": {"path":"C:\\Users\\khmya\\Desktop\\self learn\\react\\portfolio\\lessons\\vite-project\\backend\\models\\bugs.js","statementMap":{"0":{"start":{"line":2,"column":17},"end":{"line":2,"column":36}},"1":{"start":{"line":7,"column":18},"end":{"line":38,"column":2}},"2":{"start":{"line":41,"column":0},"end":{"line":47,"column":3}},"3":{"start":{"line":43,"column":6},"end":{"line":43,"column":56}},"4":{"start":{"line":44,"column":6},"end":{"line":44,"column":32}},"5":{"start":{"line":45,"column":6},"end":{"line":45,"column":32}},"6":{"start":{"line":50,"column":0},"end":{"line":50,"column":50}}},"fnMap":{"0":{"name":"(anonymous_0)","decl":{"start":{"line":42,"column":15},"end":{"line":42,"column":16}},"loc":{"start":{"line":42,"column":45},"end":{"line":46,"column":5}},"line":42}},"branchMap":{},"s":{"0":5,"1":5,"2":5,"3":17,"4":17,"5":17,"6":5},"f":{"0":17},"b":{},"_coverageSchema":"1a1c01bbd47fc00a2c39e90264f33305004495a9","hash":"12746a6eb3a095fd22811412e20392fd8fab5f39"}
,"C:\\Users\\khmya\\Desktop\\self learn\\react\\portfolio\\lessons\\vite-project\\backend\\models\\projects.js": {"path":"C:\\Users\\khmya\\Desktop\\self learn\\react\\portfolio\\lessons\\vite-project\\backend\\models\\projects.js","statementMap":{"0":{"start":{"line":2,"column":17},"end":{"line":2,"column":36}},"1":{"start":{"line":6,"column":22},"end":{"line":55,"column":2}},"2":{"start":{"line":58,"column":0},"end":{"line":64,"column":3}},"3":{"start":{"line":60,"column":4},"end":{"line":60,"column":54}},"4":{"start":{"line":61,"column":4},"end":{"line":61,"column":30}},"5":{"start":{"line":62,"column":4},"end":{"line":62,"column":30}},"6":{"start":{"line":67,"column":0},"end":{"line":67,"column":58}}},"fnMap":{"0":{"name":"(anonymous_0)","decl":{"start":{"line":59,"column":13},"end":{"line":59,"column":14}},"loc":{"start":{"line":59,"column":43},"end":{"line":63,"column":3}},"line":59}},"branchMap":{},"s":{"0":5,"1":5,"2":5,"3":18,"4":18,"5":18,"6":5},"f":{"0":18},"b":{},"_coverageSchema":"1a1c01bbd47fc00a2c39e90264f33305004495a9","hash":"857f0685865458925da5c821ae0a6d1e8e3a2ee3"}
,"C:\\Users\\khmya\\Desktop\\self learn\\react\\portfolio\\lessons\\vite-project\\backend\\models\\tasks.js": {"path":"C:\\Users\\khmya\\Desktop\\self learn\\react\\portfolio\\lessons\\vite-project\\backend\\models\\tasks.js","statementMap":{"0":{"start":{"line":2,"column":17},"end":{"line":2,"column":36}},"1":{"start":{"line":6,"column":19},"end":{"line":37,"column":2}},"2":{"start":{"line":40,"column":0},"end":{"line":46,"column":3}},"3":{"start":{"line":42,"column":4},"end":{"line":42,"column":54}},"4":{"start":{"line":43,"column":4},"end":{"line":43,"column":30}},"5":{"start":{"line":44,"column":4},"end":{"line":44,"column":30}},"6":{"start":{"line":49,"column":0},"end":{"line":49,"column":52}}},"fnMap":{"0":{"name":"(anonymous_0)","decl":{"start":{"line":41,"column":13},"end":{"line":41,"column":14}},"loc":{"start":{"line":41,"column":43},"end":{"line":45,"column":3}},"line":41}},"branchMap":{},"s":{"0":5,"1":5,"2":5,"3":15,"4":15,"5":15,"6":5},"f":{"0":15},"b":{},"_coverageSchema":"1a1c01bbd47fc00a2c39e90264f33305004495a9","hash":"c567f2c9b9e542d84a828fad742eface1a9ec229"}
,"C:\\Users\\khmya\\Desktop\\self learn\\react\\portfolio\\lessons\\vite-project\\backend\\models\\users.js": {"path":"C:\\Users\\khmya\\Desktop\\self learn\\react\\portfolio\\lessons\\vite-project\\backend\\models\\users.js","statementMap":{"0":{"start":{"line":2,"column":17},"end":{"line":2,"column":36}},"1":{"start":{"line":6,"column":19},"end":{"line":40,"column":2}},"2":{"start":{"line":43,"column":0},"end":{"line":50,"column":3}},"3":{"start":{"line":45,"column":4},"end":{"line":45,"column":54}},"4":{"start":{"line":46,"column":4},"end":{"line":46,"column":39}},"5":{"start":{"line":47,"column":4},"end":{"line":47,"column":30}},"6":{"start":{"line":48,"column":4},"end":{"line":48,"column":30}},"7":{"start":{"line":53,"column":0},"end":{"line":53,"column":52}}},"fnMap":{"0":{"name":"(anonymous_0)","decl":{"start":{"line":44,"column":13},"end":{"line":44,"column":14}},"loc":{"start":{"line":44,"column":43},"end":{"line":49,"column":3}},"line":44}},"branchMap":{},"s":{"0":5,"1":5,"2":5,"3":28,"4":28,"5":28,"6":28,"7":5},"f":{"0":28},"b":{},"_coverageSchema":"1a1c01bbd47fc00a2c39e90264f33305004495a9","hash":"22d672e3f5b590096fd067c67de99e923c3cc8f7"}
,"C:\\Users\\khmya\\Desktop\\self learn\\react\\portfolio\\lessons\\vite-project\\backend\\tests\\test_helper.js": {"path":"C:\\Users\\khmya\\Desktop\\self learn\\react\\portfolio\\lessons\\vite-project\\backend\\tests\\test_helper.js","statementMap":{"0":{"start":{"line":2,"column":21},"end":{"line":2,"column":187}},"1":{"start":{"line":3,"column":24},"end":{"line":4,"column":83}},"2":{"start":{"line":5,"column":21},"end":{"line":10,"column":22}},"3":{"start":{"line":11,"column":19},"end":{"line":16,"column":20}},"4":{"start":{"line":17,"column":24},"end":{"line":17,"column":108}},"5":{"start":{"line":18,"column":27},"end":{"line":18,"column":86}},"6":{"start":{"line":19,"column":24},"end":{"line":19,"column":129}},"7":{"start":{"line":20,"column":23},"end":{"line":20,"column":124}},"8":{"start":{"line":24,"column":0},"end":{"line":24,"column":146}}},"fnMap":{},"branchMap":{},"s":{"0":4,"1":4,"2":4,"3":4,"4":4,"5":4,"6":4,"7":4,"8":4},"f":{},"b":{},"_coverageSchema":"1a1c01bbd47fc00a2c39e90264f33305004495a9","hash":"bae7694476651daaa642c0d98ccbd351c8868a5a"}
,"C:\\Users\\khmya\\Desktop\\self learn\\react\\portfolio\\lessons\\vite-project\\backend\\utils\\config.js": {"path":"C:\\Users\\khmya\\Desktop\\self learn\\react\\portfolio\\lessons\\vite-project\\backend\\utils\\config.js","statementMap":{"0":{"start":{"line":1,"column":0},"end":{"line":1,"column":27}},"1":{"start":{"line":4,"column":13},"end":{"line":4,"column":29}},"2":{"start":{"line":7,"column":20},"end":{"line":9,"column":27}},"3":{"start":{"line":12,"column":0},"end":{"line":15,"column":2}}},"fnMap":{},"branchMap":{"0":{"loc":{"start":{"line":7,"column":20},"end":{"line":9,"column":27}},"type":"cond-expr","locations":[{"start":{"line":8,"column":4},"end":{"line":8,"column":32}},{"start":{"line":9,"column":4},"end":{"line":9,"column":27}}],"line":7}},"s":{"0":5,"1":5,"2":5,"3":5},"f":{},"b":{"0":[5,0]},"_coverageSchema":"1a1c01bbd47fc00a2c39e90264f33305004495a9","hash":"59396f8ae6d5cccb9ac94889d4a1c4d3904d03c6"}
,"C:\\Users\\khmya\\Desktop\\self learn\\react\\portfolio\\lessons\\vite-project\\backend\\utils\\logger.js": {"path":"C:\\Users\\khmya\\Desktop\\self learn\\react\\portfolio\\lessons\\vite-project\\backend\\utils\\logger.js","statementMap":{"0":{"start":{"line":2,"column":13},"end":{"line":4,"column":1}},"1":{"start":{"line":3,"column":4},"end":{"line":3,"column":27}},"2":{"start":{"line":7,"column":14},"end":{"line":9,"column":1}},"3":{"start":{"line":8,"column":4},"end":{"line":8,"column":29}},"4":{"start":{"line":11,"column":0},"end":{"line":14,"column":2}}},"fnMap":{"0":{"name":"(anonymous_0)","decl":{"start":{"line":2,"column":13},"end":{"line":2,"column":14}},"loc":{"start":{"line":2,"column":28},"end":{"line":4,"column":1}},"line":2},"1":{"name":"(anonymous_1)","decl":{"start":{"line":7,"column":14},"end":{"line":7,"column":15}},"loc":{"start":{"line":7,"column":29},"end":{"line":9,"column":1}},"line":7}},"branchMap":{},"s":{"0":5,"1":5,"2":5,"3":0,"4":5},"f":{"0":5,"1":0},"b":{},"_coverageSchema":"1a1c01bbd47fc00a2c39e90264f33305004495a9","hash":"41e0dc08b65e8c1c1dd8a6b6b3cf4abd922cae2a"}
}
