TN:
SF:app.js
FN:26,(anonymous_0)
FN:29,(anonymous_1)
FNF:2
FNH:1
FNDA:5,(anonymous_0)
FNDA:0,(anonymous_1)
DA:3,5
DA:4,5
DA:7,5
DA:8,5
DA:9,5
DA:10,5
DA:11,5
DA:14,5
DA:17,5
DA:18,5
DA:21,5
DA:24,5
DA:27,5
DA:30,0
DA:34,5
DA:37,5
DA:41,5
DA:43,5
DA:45,5
DA:47,5
DA:49,5
DA:52,5
LF:22
LH:21
BRF:0
BRH:0
end_of_record
TN:
SF:controllers\bugRouter.js
FN:13,(anonymous_0)
FN:22,(anonymous_1)
FN:23,(anonymous_2)
FN:29,(anonymous_3)
FN:30,(anonymous_4)
FN:39,(anonymous_5)
FN:92,(anonymous_6)
FN:122,(anonymous_7)
FN:123,(anonymous_8)
FN:139,(anonymous_9)
FN:140,(anonymous_10)
FN:167,(anonymous_11)
FN:187,(anonymous_12)
FN:192,(anonymous_13)
FN:195,(anonymous_14)
FNF:15
FNH:13
FNDA:8,(anonymous_0)
FNDA:2,(anonymous_1)
FNDA:2,(anonymous_2)
FNDA:1,(anonymous_3)
FNDA:1,(anonymous_4)
FNDA:3,(anonymous_5)
FNDA:3,(anonymous_6)
FNDA:2,(anonymous_7)
FNDA:4,(anonymous_8)
FNDA:0,(anonymous_9)
FNDA:0,(anonymous_10)
FNDA:2,(anonymous_11)
FNDA:4,(anonymous_12)
FNDA:4,(anonymous_13)
FNDA:12,(anonymous_14)
DA:2,5
DA:5,5
DA:8,5
DA:9,5
DA:10,5
DA:13,5
DA:14,8
DA:15,8
DA:16,8
DA:18,0
DA:22,5
DA:23,2
DA:24,2
DA:29,5
DA:30,1
DA:31,1
DA:39,5
DA:41,3
DA:43,3
DA:45,3
DA:46,0
DA:49,3
DA:50,3
DA:53,3
DA:54,3
DA:57,3
DA:58,3
DA:68,3
DA:69,0
DA:70,0
DA:73,3
DA:74,3
DA:75,3
DA:78,3
DA:79,0
DA:80,0
DA:81,0
DA:84,0
DA:87,0
DA:92,5
DA:94,3
DA:97,3
DA:99,3
DA:101,3
DA:102,0
DA:105,3
DA:106,3
DA:109,3
DA:110,3
DA:112,3
DA:114,3
DA:115,3
DA:116,3
DA:119,3
DA:121,1
DA:122,2
DA:123,4
DA:124,1
DA:125,2
DA:126,0
DA:129,1
DA:130,4
DA:131,2
DA:134,1
DA:135,2
DA:137,2
DA:138,0
DA:139,0
DA:140,0
DA:141,0
DA:143,2
DA:144,2
DA:145,2
DA:146,2
DA:151,0
DA:153,0
DA:157,3
DA:158,3
DA:159,2
DA:167,5
DA:169,2
DA:171,2
DA:173,2
DA:175,2
DA:176,0
DA:179,2
DA:180,2
DA:183,2
DA:184,2
DA:186,2
DA:187,2
DA:188,4
DA:190,2
DA:192,4
DA:193,2
DA:194,4
DA:195,12
DA:196,4
DA:199,2
DA:200,2
DA:203,0
DA:208,5
LF:102
LH:83
BRDA:15,0,0,8
BRDA:15,0,1,0
BRDA:15,1,0,8
BRDA:15,1,1,8
BRDA:45,2,0,0
BRDA:45,2,1,3
BRDA:53,3,0,0
BRDA:53,3,1,3
BRDA:54,4,0,3
BRDA:54,4,1,0
BRDA:57,5,0,3
BRDA:57,5,1,0
BRDA:57,6,0,3
BRDA:57,6,1,3
BRDA:68,7,0,0
BRDA:68,7,1,3
BRDA:101,8,0,0
BRDA:101,8,1,3
BRDA:109,9,0,0
BRDA:109,9,1,3
BRDA:110,10,0,3
BRDA:110,10,1,0
BRDA:112,11,0,3
BRDA:112,11,1,0
BRDA:112,12,0,3
BRDA:112,12,1,3
BRDA:114,13,0,2
BRDA:114,13,1,1
BRDA:115,14,0,1
BRDA:115,14,1,2
BRDA:116,15,0,0
BRDA:116,15,1,3
BRDA:119,16,0,1
BRDA:119,16,1,2
BRDA:125,17,0,0
BRDA:125,17,1,2
BRDA:130,18,0,2
BRDA:130,18,1,2
BRDA:137,19,0,0
BRDA:137,19,1,2
BRDA:151,20,0,0
BRDA:151,20,1,0
BRDA:151,21,0,0
BRDA:151,21,1,0
BRDA:151,21,2,0
BRDA:151,21,3,0
BRDA:157,22,0,1
BRDA:157,22,1,2
BRDA:175,23,0,0
BRDA:175,23,1,2
BRDA:183,24,0,0
BRDA:183,24,1,2
BRDA:184,25,0,2
BRDA:184,25,1,0
BRDA:186,26,0,2
BRDA:186,26,1,0
BRDA:186,27,0,2
BRDA:186,27,1,2
BRF:58
BRH:35
end_of_record
TN:
SF:controllers\loginRouter.js
FN:12,(anonymous_0)
FNF:1
FNH:1
FNDA:2,(anonymous_0)
DA:2,5
DA:3,5
DA:6,5
DA:9,5
DA:12,5
DA:14,2
DA:17,2
DA:18,2
DA:23,2
DA:24,1
DA:30,1
DA:36,1
DA:39,1
DA:44,5
LF:14
LH:14
BRDA:18,0,0,1
BRDA:18,0,1,1
BRDA:23,1,0,1
BRDA:23,1,1,1
BRDA:23,2,0,2
BRDA:23,2,1,1
BRF:6
BRH:6
end_of_record
TN:
SF:controllers\projectRouter.js
FN:17,(anonymous_0)
FN:26,(anonymous_1)
FN:27,(anonymous_2)
FN:33,(anonymous_3)
FN:47,(anonymous_4)
FN:93,(anonymous_5)
FN:136,(anonymous_6)
FN:137,(anonymous_7)
FN:138,(anonymous_8)
FN:139,(anonymous_9)
FN:157,(anonymous_10)
FN:158,(anonymous_11)
FN:163,(anonymous_12)
FN:164,(anonymous_13)
FN:169,(anonymous_14)
FN:170,(anonymous_15)
FN:181,(anonymous_16)
FN:182,(anonymous_17)
FN:183,(anonymous_18)
FN:200,(anonymous_19)
FN:201,(anonymous_20)
FN:206,(anonymous_21)
FN:207,(anonymous_22)
FN:212,(anonymous_23)
FN:213,(anonymous_24)
FN:231,(anonymous_25)
FN:254,(anonymous_26)
FN:261,(anonymous_27)
FN:262,(anonymous_28)
FN:263,(anonymous_29)
FN:287,(anonymous_30)
FN:308,(anonymous_31)
FN:319,(anonymous_32)
FN:327,(anonymous_33)
FN:331,(anonymous_34)
FN:333,(anonymous_35)
FN:338,(anonymous_36)
FN:340,(anonymous_37)
FN:345,(anonymous_38)
FN:347,(anonymous_39)
FN:352,(anonymous_40)
FN:354,(anonymous_41)
FNF:42
FNH:28
FNDA:11,(anonymous_0)
FNDA:2,(anonymous_1)
FNDA:2,(anonymous_2)
FNDA:1,(anonymous_3)
FNDA:3,(anonymous_4)
FNDA:3,(anonymous_5)
FNDA:1,(anonymous_6)
FNDA:2,(anonymous_7)
FNDA:3,(anonymous_8)
FNDA:0,(anonymous_9)
FNDA:6,(anonymous_10)
FNDA:10,(anonymous_11)
FNDA:12,(anonymous_12)
FNDA:8,(anonymous_13)
FNDA:0,(anonymous_14)
FNDA:6,(anonymous_15)
FNDA:0,(anonymous_16)
FNDA:0,(anonymous_17)
FNDA:0,(anonymous_18)
FNDA:0,(anonymous_19)
FNDA:0,(anonymous_20)
FNDA:0,(anonymous_21)
FNDA:0,(anonymous_22)
FNDA:0,(anonymous_23)
FNDA:0,(anonymous_24)
FNDA:0,(anonymous_25)
FNDA:1,(anonymous_26)
FNDA:1,(anonymous_27)
FNDA:1,(anonymous_28)
FNDA:1,(anonymous_29)
FNDA:5,(anonymous_30)
FNDA:40,(anonymous_31)
FNDA:80,(anonymous_32)
FNDA:8,(anonymous_33)
FNDA:4,(anonymous_34)
FNDA:8,(anonymous_35)
FNDA:4,(anonymous_36)
FNDA:8,(anonymous_37)
FNDA:4,(anonymous_38)
FNDA:8,(anonymous_39)
FNDA:0,(anonymous_40)
FNDA:0,(anonymous_41)
DA:2,5
DA:3,5
DA:6,5
DA:9,5
DA:10,5
DA:11,5
DA:12,5
DA:14,5
DA:17,5
DA:18,11
DA:19,11
DA:20,11
DA:22,0
DA:26,5
DA:27,2
DA:28,2
DA:33,5
DA:35,1
DA:40,1
DA:47,5
DA:48,3
DA:49,3
DA:51,3
DA:52,0
DA:55,3
DA:56,3
DA:59,3
DA:67,3
DA:68,1
DA:69,1
DA:73,3
DA:76,3
DA:77,3
DA:80,3
DA:81,2
DA:82,2
DA:83,2
DA:87,3
DA:93,5
DA:95,3
DA:97,3
DA:99,3
DA:100,3
DA:102,3
DA:103,0
DA:106,3
DA:108,3
DA:109,3
DA:111,3
DA:113,3
DA:114,3
DA:117,3
DA:118,1
DA:119,1
DA:120,1
DA:121,1
DA:122,1
DA:128,3
DA:129,1
DA:130,0
DA:132,1
DA:133,1
DA:134,3
DA:136,3
DA:137,3
DA:138,3
DA:139,3
DA:141,3
DA:142,3
DA:144,3
DA:145,6
DA:146,4
DA:149,3
DA:150,12
DA:151,8
DA:155,3
DA:156,4
DA:157,6
DA:158,10
DA:159,4
DA:161,3
DA:162,8
DA:163,12
DA:164,8
DA:165,8
DA:169,3
DA:170,6
DA:172,3
DA:175,0
DA:176,0
DA:178,0
DA:179,0
DA:181,0
DA:182,0
DA:183,0
DA:184,0
DA:185,0
DA:187,0
DA:188,0
DA:189,0
DA:192,0
DA:193,0
DA:194,0
DA:198,0
DA:199,0
DA:200,0
DA:201,0
DA:202,0
DA:204,0
DA:205,0
DA:206,0
DA:207,0
DA:208,0
DA:212,0
DA:213,0
DA:215,0
DA:220,3
DA:221,0
DA:223,3
DA:224,3
DA:226,0
DA:231,5
DA:233,0
DA:235,0
DA:236,0
DA:238,0
DA:239,0
DA:242,0
DA:245,0
DA:246,0
DA:248,0
DA:249,0
DA:251,0
DA:254,5
DA:256,1
DA:257,1
DA:258,1
DA:260,1
DA:261,1
DA:262,1
DA:263,1
DA:266,1
DA:268,1
DA:269,1
DA:271,0
DA:272,0
DA:274,0
DA:275,0
DA:277,0
DA:280,1
DA:281,1
DA:287,5
DA:289,5
DA:291,5
DA:292,5
DA:294,5
DA:295,0
DA:298,5
DA:300,5
DA:301,1
DA:304,4
DA:305,8
DA:306,8
DA:307,16
DA:308,40
DA:309,16
DA:311,8
DA:315,4
DA:316,16
DA:317,16
DA:318,32
DA:319,80
DA:320,32
DA:322,16
DA:326,4
DA:327,8
DA:328,4
DA:331,4
DA:332,4
DA:333,8
DA:334,4
DA:338,4
DA:339,4
DA:340,8
DA:341,4
DA:345,4
DA:346,4
DA:347,8
DA:348,4
DA:352,4
DA:353,0
DA:354,0
DA:355,0
DA:359,4
DA:362,4
DA:365,5
LF:196
LH:142
BRDA:19,0,0,11
BRDA:19,0,1,0
BRDA:19,1,0,11
BRDA:19,1,1,11
BRDA:51,2,0,0
BRDA:51,2,1,3
BRDA:67,3,0,1
BRDA:67,3,1,2
BRDA:102,4,0,0
BRDA:102,4,1,3
BRDA:108,5,0,3
BRDA:108,5,1,0
BRDA:109,6,0,0
BRDA:109,6,1,3
BRDA:111,7,0,3
BRDA:111,7,1,0
BRDA:111,8,0,3
BRDA:111,8,1,0
BRDA:113,9,0,1
BRDA:113,9,1,2
BRDA:114,10,0,1
BRDA:114,10,1,2
BRDA:117,11,0,1
BRDA:117,11,1,2
BRDA:128,12,0,1
BRDA:128,12,1,2
BRDA:129,13,0,0
BRDA:129,13,1,1
BRDA:132,14,0,1
BRDA:132,14,1,0
BRDA:145,15,0,4
BRDA:145,15,1,2
BRDA:150,16,0,8
BRDA:150,16,1,4
BRDA:175,17,0,0
BRDA:175,17,1,0
BRDA:188,18,0,0
BRDA:188,18,1,0
BRDA:193,19,0,0
BRDA:193,19,1,0
BRDA:220,20,0,0
BRDA:220,20,1,3
BRDA:238,21,0,0
BRDA:238,21,1,0
BRDA:245,22,0,0
BRDA:245,22,1,0
BRDA:245,23,0,0
BRDA:245,23,1,0
BRDA:260,24,0,1
BRDA:260,24,1,0
BRDA:266,25,0,1
BRDA:266,25,1,0
BRDA:266,25,2,0
BRDA:266,25,3,0
BRDA:294,26,0,0
BRDA:294,26,1,5
BRDA:300,27,0,1
BRDA:300,27,1,4
BRF:58
BRH:31
end_of_record
TN:
SF:controllers\taskRouter.js
FN:13,(anonymous_0)
FN:22,(anonymous_1)
FN:23,(anonymous_2)
FN:29,(anonymous_3)
FN:38,(anonymous_4)
FN:93,(anonymous_5)
FN:123,(anonymous_6)
FN:124,(anonymous_7)
FN:139,(anonymous_8)
FN:140,(anonymous_9)
FN:168,(anonymous_10)
FN:193,(anonymous_11)
FN:199,(anonymous_12)
FN:202,(anonymous_13)
FNF:14
FNH:12
FNDA:8,(anonymous_0)
FNDA:2,(anonymous_1)
FNDA:2,(anonymous_2)
FNDA:1,(anonymous_3)
FNDA:3,(anonymous_4)
FNDA:3,(anonymous_5)
FNDA:2,(anonymous_6)
FNDA:4,(anonymous_7)
FNDA:0,(anonymous_8)
FNDA:0,(anonymous_9)
FNDA:2,(anonymous_10)
FNDA:4,(anonymous_11)
FNDA:4,(anonymous_12)
FNDA:12,(anonymous_13)
DA:2,5
DA:5,5
DA:8,5
DA:9,5
DA:10,5
DA:13,5
DA:14,8
DA:15,8
DA:16,8
DA:18,0
DA:22,5
DA:23,2
DA:24,2
DA:29,5
DA:30,1
DA:31,1
DA:38,5
DA:40,3
DA:42,3
DA:44,3
DA:45,0
DA:48,3
DA:49,3
DA:52,3
DA:53,3
DA:56,3
DA:58,3
DA:68,3
DA:69,0
DA:70,0
DA:74,3
DA:75,3
DA:76,3
DA:79,3
DA:80,0
DA:81,0
DA:82,0
DA:85,0
DA:88,0
DA:93,5
DA:95,3
DA:98,3
DA:100,3
DA:102,3
DA:103,0
DA:106,3
DA:107,3
DA:110,3
DA:111,3
DA:113,3
DA:115,3
DA:116,3
DA:117,3
DA:120,3
DA:122,1
DA:123,2
DA:124,4
DA:125,1
DA:126,2
DA:127,0
DA:130,1
DA:131,4
DA:132,2
DA:135,1
DA:136,2
DA:138,2
DA:139,0
DA:140,0
DA:141,0
DA:143,2
DA:144,2
DA:145,2
DA:150,0
DA:152,0
DA:156,3
DA:157,3
DA:158,3
DA:160,3
DA:161,2
DA:168,5
DA:169,2
DA:170,2
DA:173,2
DA:174,2
DA:176,2
DA:178,2
DA:179,0
DA:182,2
DA:183,2
DA:186,2
DA:187,2
DA:189,2
DA:191,2
DA:192,2
DA:193,2
DA:194,4
DA:196,2
DA:198,2
DA:199,4
DA:200,2
DA:201,4
DA:202,12
DA:203,4
DA:205,2
DA:207,2
DA:210,0
DA:214,5
LF:107
LH:89
BRDA:15,0,0,8
BRDA:15,0,1,0
BRDA:15,1,0,8
BRDA:15,1,1,8
BRDA:44,2,0,0
BRDA:44,2,1,3
BRDA:52,3,0,0
BRDA:52,3,1,3
BRDA:53,4,0,3
BRDA:53,4,1,0
BRDA:56,5,0,3
BRDA:56,5,1,0
BRDA:56,6,0,3
BRDA:56,6,1,3
BRDA:68,7,0,0
BRDA:68,7,1,3
BRDA:102,8,0,0
BRDA:102,8,1,3
BRDA:110,9,0,0
BRDA:110,9,1,3
BRDA:111,10,0,3
BRDA:111,10,1,0
BRDA:113,11,0,3
BRDA:113,11,1,0
BRDA:113,12,0,3
BRDA:113,12,1,3
BRDA:115,13,0,2
BRDA:115,13,1,1
BRDA:116,14,0,1
BRDA:116,14,1,2
BRDA:117,15,0,0
BRDA:117,15,1,3
BRDA:120,16,0,1
BRDA:120,16,1,2
BRDA:126,17,0,0
BRDA:126,17,1,2
BRDA:131,18,0,2
BRDA:131,18,1,2
BRDA:138,19,0,0
BRDA:138,19,1,2
BRDA:150,20,0,0
BRDA:150,20,1,0
BRDA:150,21,0,0
BRDA:150,21,1,0
BRDA:150,21,2,0
BRDA:150,21,3,0
BRDA:156,22,0,1
BRDA:156,22,1,2
BRDA:157,23,0,3
BRDA:157,23,1,0
BRDA:178,24,0,0
BRDA:178,24,1,2
BRDA:186,25,0,0
BRDA:186,25,1,2
BRDA:187,26,0,2
BRDA:187,26,1,0
BRDA:191,27,0,2
BRDA:191,27,1,0
BRDA:191,28,0,2
BRDA:191,28,1,2
BRF:60
BRH:36
end_of_record
TN:
SF:controllers\userRouter.js
FN:19,(anonymous_0)
FN:29,(anonymous_1)
FN:39,(anonymous_2)
FN:54,(anonymous_3)
FN:62,(anonymous_4)
FN:64,(anonymous_5)
FN:70,(anonymous_6)
FN:72,(anonymous_7)
FN:78,(anonymous_8)
FN:79,(anonymous_9)
FN:80,(anonymous_10)
FN:83,(anonymous_11)
FN:84,(anonymous_12)
FN:89,(anonymous_13)
FN:97,(anonymous_14)
FN:98,(anonymous_15)
FN:110,(anonymous_16)
FN:111,(anonymous_17)
FN:123,(anonymous_18)
FN:135,(anonymous_19)
FN:136,(anonymous_20)
FN:137,(anonymous_21)
FN:144,(anonymous_22)
FN:151,(anonymous_23)
FN:158,(anonymous_24)
FNF:25
FNH:20
FNDA:4,(anonymous_0)
FNDA:1,(anonymous_1)
FNDA:1,(anonymous_2)
FNDA:3,(anonymous_3)
FNDA:2,(anonymous_4)
FNDA:2,(anonymous_5)
FNDA:2,(anonymous_6)
FNDA:4,(anonymous_7)
FNDA:1,(anonymous_8)
FNDA:1,(anonymous_9)
FNDA:1,(anonymous_10)
FNDA:2,(anonymous_11)
FNDA:4,(anonymous_12)
FNDA:2,(anonymous_13)
FNDA:0,(anonymous_14)
FNDA:0,(anonymous_15)
FNDA:0,(anonymous_16)
FNDA:0,(anonymous_17)
FNDA:2,(anonymous_18)
FNDA:4,(anonymous_19)
FNDA:4,(anonymous_20)
FNDA:4,(anonymous_21)
FNDA:0,(anonymous_22)
FNDA:4,(anonymous_23)
FNDA:8,(anonymous_24)
DA:2,5
DA:5,5
DA:8,5
DA:9,5
DA:10,5
DA:13,5
DA:14,5
DA:15,5
DA:16,5
DA:19,5
DA:20,4
DA:21,4
DA:22,4
DA:24,0
DA:29,5
DA:30,1
DA:34,1
DA:39,5
DA:41,1
DA:42,1
DA:45,1
DA:48,1
DA:49,1
DA:54,5
DA:55,3
DA:56,3
DA:57,3
DA:60,3
DA:61,1
DA:62,2
DA:63,1
DA:64,2
DA:68,3
DA:69,1
DA:70,2
DA:71,1
DA:72,4
DA:76,3
DA:77,1
DA:78,1
DA:79,1
DA:80,1
DA:83,2
DA:84,4
DA:85,1
DA:86,1
DA:87,1
DA:88,1
DA:89,2
DA:91,1
DA:94,3
DA:95,0
DA:96,0
DA:97,0
DA:98,0
DA:99,0
DA:100,0
DA:101,0
DA:103,0
DA:107,3
DA:108,0
DA:109,0
DA:110,0
DA:111,0
DA:112,0
DA:114,0
DA:118,3
DA:119,3
DA:123,5
DA:124,2
DA:127,2
DA:128,2
DA:129,2
DA:130,2
DA:133,2
DA:134,4
DA:135,4
DA:136,4
DA:137,4
DA:138,4
DA:142,2
DA:143,0
DA:144,0
DA:145,0
DA:149,2
DA:150,2
DA:151,4
DA:152,2
DA:156,2
DA:157,4
DA:158,8
DA:159,4
DA:162,2
DA:163,2
DA:166,5
LF:95
LH:77
BRDA:56,0,0,1
BRDA:56,0,1,2
BRDA:57,1,0,1
BRDA:57,1,1,2
BRDA:60,2,0,1
BRDA:60,2,1,2
BRDA:68,3,0,1
BRDA:68,3,1,2
BRDA:76,4,0,1
BRDA:76,4,1,2
BRDA:94,5,0,0
BRDA:94,5,1,3
BRDA:107,6,0,0
BRDA:107,6,1,3
BRF:14
BRH:12
end_of_record
TN:
SF:helpers\bugHelper.js
FN:7,(anonymous_0)
FN:8,(anonymous_1)
FN:10,(anonymous_2)
FNF:3
FNH:3
FNDA:1,(anonymous_0)
FNDA:4,(anonymous_1)
FNDA:8,(anonymous_2)
DA:2,5
DA:3,5
DA:4,5
DA:5,5
DA:7,5
DA:8,1
DA:9,4
DA:10,8
DA:11,4
DA:15,5
LF:10
LH:10
BRF:0
BRH:0
end_of_record
TN:
SF:helpers\projecthelper.js
FN:2,(anonymous_0)
FN:10,(anonymous_1)
FN:18,(anonymous_2)
FN:26,(anonymous_3)
FN:34,(anonymous_4)
FN:43,(anonymous_5)
FN:53,(anonymous_6)
FNF:7
FNH:1
FNDA:0,(anonymous_0)
FNDA:5,(anonymous_1)
FNDA:0,(anonymous_2)
FNDA:0,(anonymous_3)
FNDA:0,(anonymous_4)
FNDA:0,(anonymous_5)
FNDA:0,(anonymous_6)
DA:2,5
DA:3,0
DA:4,0
DA:6,0
DA:10,5
DA:11,5
DA:12,4
DA:14,1
DA:18,5
DA:19,0
DA:20,0
DA:22,0
DA:26,5
DA:27,0
DA:28,0
DA:30,0
DA:34,5
DA:35,0
DA:36,0
DA:38,0
DA:43,5
DA:44,0
DA:45,0
DA:46,0
DA:49,0
DA:53,5
DA:54,0
DA:55,0
DA:57,0
DA:61,5
LF:30
LH:11
BRDA:3,0,0,0
BRDA:3,0,1,0
BRDA:11,1,0,4
BRDA:11,1,1,1
BRDA:19,2,0,0
BRDA:19,2,1,0
BRDA:27,3,0,0
BRDA:27,3,1,0
BRDA:35,4,0,0
BRDA:35,4,1,0
BRDA:45,5,0,0
BRDA:45,5,1,0
BRDA:54,6,0,0
BRDA:54,6,1,0
BRF:14
BRH:2
end_of_record
TN:
SF:helpers\taskHelper.js
FN:7,(anonymous_0)
FN:8,(anonymous_1)
FN:10,(anonymous_2)
FNF:3
FNH:3
FNDA:1,(anonymous_0)
FNDA:2,(anonymous_1)
FNDA:4,(anonymous_2)
DA:2,5
DA:3,5
DA:4,5
DA:5,5
DA:7,5
DA:8,1
DA:9,2
DA:10,4
DA:11,2
DA:15,5
LF:10
LH:10
BRF:0
BRH:0
end_of_record
TN:
SF:helpers\userHelper.js
FN:8,(anonymous_0)
FN:9,(anonymous_1)
FN:13,(anonymous_2)
FN:14,(anonymous_3)
FNF:4
FNH:4
FNDA:1,(anonymous_0)
FNDA:2,(anonymous_1)
FNDA:1,(anonymous_2)
FNDA:4,(anonymous_3)
DA:2,5
DA:3,5
DA:4,5
DA:5,5
DA:8,5
DA:9,2
DA:13,5
DA:14,4
DA:18,5
LF:9
LH:9
BRF:0
BRH:0
end_of_record
TN:
SF:models\bugs.js
FN:42,(anonymous_0)
FNF:1
FNH:1
FNDA:17,(anonymous_0)
DA:2,5
DA:7,5
DA:41,5
DA:43,17
DA:44,17
DA:45,17
DA:50,5
LF:7
LH:7
BRF:0
BRH:0
end_of_record
TN:
SF:models\projects.js
FN:59,(anonymous_0)
FNF:1
FNH:1
FNDA:18,(anonymous_0)
DA:2,5
DA:6,5
DA:58,5
DA:60,18
DA:61,18
DA:62,18
DA:67,5
LF:7
LH:7
BRF:0
BRH:0
end_of_record
TN:
SF:models\tasks.js
FN:41,(anonymous_0)
FNF:1
FNH:1
FNDA:15,(anonymous_0)
DA:2,5
DA:6,5
DA:40,5
DA:42,15
DA:43,15
DA:44,15
DA:49,5
LF:7
LH:7
BRF:0
BRH:0
end_of_record
TN:
SF:models\users.js
FN:44,(anonymous_0)
FNF:1
FNH:1
FNDA:28,(anonymous_0)
DA:2,5
DA:6,5
DA:43,5
DA:45,28
DA:46,28
DA:47,28
DA:48,28
DA:53,5
LF:8
LH:8
BRF:0
BRH:0
end_of_record
TN:
SF:tests\test_helper.js
FNF:0
FNH:0
DA:2,4
DA:3,4
DA:5,4
DA:11,4
DA:17,4
DA:18,4
DA:19,4
DA:20,4
DA:24,4
LF:9
LH:9
BRF:0
BRH:0
end_of_record
TN:
SF:utils\config.js
FNF:0
FNH:0
DA:1,5
DA:4,5
DA:7,5
DA:12,5
LF:4
LH:4
BRDA:7,0,0,5
BRDA:7,0,1,0
BRF:2
BRH:1
end_of_record
TN:
SF:utils\logger.js
FN:2,(anonymous_0)
FN:7,(anonymous_1)
FNF:2
FNH:1
FNDA:5,(anonymous_0)
FNDA:0,(anonymous_1)
DA:2,5
DA:3,5
DA:7,5
DA:8,0
DA:11,5
LF:5
LH:4
BRF:0
BRH:0
end_of_record
